Build target 'Target 1'
compiling 准考证号.c...
准考证号.c(103): warning C294: unreachable code
准考证号.c(144): warning C294: unreachable code
linking...
*** WARNING L16: UNCALLED SEGMENT, IGNORED FOR OVERLAY PROCESS
    SEGMENT: ?PR?_EXTERNALDEVICE_MM?________

*** WARNING L16: UNCALLED SEGMENT, IGNORED FOR OVERLAY PROCESS
    SEGMENT: ?PR?_DELAY_MS?________

*** WARNING L16: UNCALLED SEGMENT, IGNORED FOR OVERLAY PROCESS
    SEGMENT: ?PR?_LED_MM?________

*** WARNING L16: UNCALLED SEGMENT, IGNORED FOR OVERLAY PROCESS
    SEGMENT: ?PR?DISPLAY_MM?________

*** WARNING L16: UNCALLED SEGMENT, IGNORED FOR OVERLAY PROCESS
    SEGMENT: ?PR?BTN_KEYBOARDSCAN?________

*** WARNING L16: UNCALLED SEGMENT, IGNORED FOR OVERLAY PROCESS
    SEGMENT: ?PR?KBD_KEYBOARDSCAN?________

*** WARNING L16: UNCALLED SEGMENT, IGNORED FOR OVERLAY PROCESS
    SEGMENT: ?PR?_WRITE_DS1302_BYTE?DS1302

*** WARNING L16: UNCALLED SEGMENT, IGNORED FOR OVERLAY PROCESS
    SEGMENT: ?PR?_READ_DS1302_BYTE?DS1302

*** WARNING L16: UNCALLED SEGMENT, IGNORED FOR OVERLAY PROCESS
    SEGMENT: ?PR?_WRITE_EEPROM?IIC

*** WARNING L16: UNCALLED SEGMENT, IGNORED FOR OVERLAY PROCESS
    SEGMENT: ?PR?_READ_EEPROM?IIC

*** WARNING L16: UNCALLED SEGMENT, IGNORED FOR OVERLAY PROCESS
    SEGMENT: ?PR?_DAC_PCF8591?IIC

*** WARNING L15: MULTIPLE CALL TO SEGMENT
    SEGMENT: ?PR?INIT_DS18B20?ONEWIRE
    CALLER1: ?PR?TM1_ISR?________
    CALLER2: ?C_C51STARTUP

Program Size: data=40.0 xdata=0 code=2780
creating hex file from ".\Objects\准考证号"...
".\Objects\准考证号" - 0 Error(s), 14 Warning(s).
