C51 COMPILER V9.54   ________                                                              10/23/2024 16:59:23 PAGE 1   


C51 COMPILER V9.54, COMPILATION OF MODULE ________
OBJECT MODULE PLACED IN .\Objects\×¼¿¼Ö¤ºÅ.obj
COMPILER INVOKED BY: D:\keil\KeilC51\C51\BIN\C51.EXE ×¼¿¼Ö¤ºÅ.c OPTIMIZE(8,SPEED) BROWSE DEBUG OBJECTEXTEND PRINT(.\List
                    -ings\×¼¿¼Ö¤ºÅ.lst) TABS(2) OBJECT(.\Objects\×¼¿¼Ö¤ºÅ.obj)

line level    source

   1          #include "stc15f2k60s2.h"
   2          #include "absacc.h"
   3          
   4          /////å‡½æ•°å£°æ˜Ž////
   5          void externaldevice_IO(unsigned char beepdata,unsigned char relaydata);//IOæ¨¡å¼ï¼ŒæŽ§åˆ¶å¤–éƒ¨è®¾å¤‡ï¼ˆè
             -œ‚é¸£å™¨ã€ç»§ç”µå™¨ï¼‰
   6          void externaldevice_MM(unsigned char beepdata,unsigned char relaydata);//MMæ¨¡å¼ï¼ŒæŽ§åˆ¶å¤–éƒ¨è®¾å¤‡ï¼ˆè
             -œ‚é¸£å™¨ã€ç»§ç”µå™¨ï¼‰
   7          void delay_ms(unsigned int delaydata);//å»¶æ—¶å‡½æ•°
   8          
   9          ////å…¨å±€å˜é‡å®šä¹‰//////
  10          
  11          ///ä¸»å‡½æ•°//////
  12          void main()
  13          {
  14   1        //å®žçŽ°ä»¥ç§’ä¸ºé—´éš”ï¼Œèœ‚é¸£å™¨ã€ç»§ç”µå™¨å¼€å…³
  15   1        while(1)
  16   1        {
  17   2          externaldevice_IO(1,1);//IOæ¨¡å¼ï¼ŒæŽ§åˆ¶å¤–éƒ¨è®¾å¤‡ï¼ˆèœ‚é¸£å™¨å“ã€ç»§ç”µå™¨å¸åˆï¼‰
  18   2          delay_ms(1000);
  19   2          externaldevice_IO(0,0);//IOæ¨¡å¼ï¼ŒæŽ§åˆ¶å¤–éƒ¨è®¾å¤‡ï¼ˆèœ‚é¸£å™¨ä¸å“ã€ç»§ç”µå™¨ä¸å¸åˆï¼‰
  20   2          delay_ms(1000);
  21   2        }
  22   1      }
  23          ////////////////////////////////
  24          void externaldevice_IO(unsigned char beepdata,unsigned char relaydata)//IOæ¨¡å¼ï¼ŒæŽ§åˆ¶å¤–éƒ¨è®¾å¤‡ï¼ˆèœ
             -‚é¸£å™¨ã€ç»§ç”µå™¨ï¼‰
  25          {
  26   1        unsigned char extdev_data=0;
  27   1        if(beepdata) extdev_data|=0X40;
  28   1        if(relaydata) extdev_data|=0X10;
  29   1        EA = 0;//å…³é—­ä¸­æ–­æ€»ä½¿èƒ½
  30   1        P0 = extdev_data;
  31   1        P2 = (P2 & 0X1F)|0XA0;//0b 101X XXXX ä½¿138è¯‘ç è¾“å…¥CBAä¸º5ï¼ŒY5è¾“å‡ºä½Žç”µå¹³ï¼Œ573çš„LEä¸ºé«˜é”å­
             -˜çŠ¶æ€è§£é™¤
  32   1        P0 = extdev_data;
  33   1        P2 &= 0X1F;//0b 000X XXXX //é”å­˜æ•°æ®
  34   1        EA = 1;//æ‰“å¼€ä¸­æ–­æ€»ä½¿èƒ½
  35   1      }
  36          ////////////////////////////////
  37          //void externaldevice_MM(unsigned char beepdata,unsigned char relaydata)//MMæ¨¡å¼ï¼ŒæŽ§åˆ¶å¤–éƒ¨è®¾å¤‡ï¼ˆ
             -èœ‚é¸£å™¨ã€ç»§ç”µå™¨ï¼‰
  38          //{
  39          //  unsigned char extdev_data=0;
  40          //  if(beepdata) extdev_data|=0X40;
  41          //  if(relaydata) extdev_data|=0X10;
  42          //  EA = 0;//å…³é—­ä¸­æ–­æ€»ä½¿èƒ½
  43          //  XBYTE(0XA000) = extdev_data;
  44          //  P2 &= 0X1F;//0b 000X XXXX //é”å­˜æ•°æ®
  45          //  EA = 1;//æ‰“å¼€ä¸­æ–­æ€»ä½¿èƒ½
  46          //}
  47          ////////////////////////////////
  48          void delay_ms(unsigned int delaydata)//å»¶æ—¶å‡½æ•°
  49          {
C51 COMPILER V9.54   ________                                                              10/23/2024 16:59:23 PAGE 2   

  50   1        unsigned int i;
  51   1        while(delaydata--)
  52   1          for(i=640;i>0;i--);
  53   1      }


MODULE INFORMATION:   STATIC OVERLAYABLE
   CODE SIZE        =     93    ----
   CONSTANT SIZE    =   ----    ----
   XDATA SIZE       =   ----    ----
   PDATA SIZE       =   ----    ----
   DATA SIZE        =   ----    ----
   IDATA SIZE       =   ----    ----
   BIT SIZE         =   ----    ----
END OF MODULE INFORMATION.


C51 COMPILATION COMPLETE.  0 WARNING(S),  0 ERROR(S)
