C51 COMPILER V9.54   ________                                                              08/11/2023 10:48:13 PAGE 1   


C51 COMPILER V9.54, COMPILATION OF MODULE ________
OBJECT MODULE PLACED IN .\Objects\×¼¿¼Ö¤ºÅ.obj
COMPILER INVOKED BY: D:\keil\C51\BIN\C51.EXE ×¼¿¼Ö¤ºÅ.c OPTIMIZE(8,SPEED) BROWSE DEBUG OBJECTEXTEND PRINT(.\Listings\×¼¿
                    -¼Ö¤ºÅ.lst) OBJECT(.\Objects\×¼¿¼Ö¤ºÅ.obj)

line level    source

   1          #include "stc15f2k60s2.h"
   2          #include "absacc.h"
   3          #include <stdio.h>
   4          
   5          /////å‡½æ•°å£°æ˜////
   6          void externaldevice_IO(unsigned char beepdata,unsigned char relaydata);//IOæ¨¡å¼ï¼Œæ§åˆ¶å¤–éƒ¨è®¾å¤‡ï¼ˆè
             -œ‚é¸£å™¨ã€ç»§ç”µå™¨ï¼‰
   7          void externaldevice_MM(unsigned char beepdata,unsigned char relaydata);//MMæ¨¡å¼ï¼Œæ§åˆ¶å¤–éƒ¨è®¾å¤‡ï¼ˆè
             -œ‚é¸£å™¨ã€ç»§ç”µå™¨ï¼‰
   8          void delay_ms(unsigned int delaydata);//å»¶æ—¶å‡½æ•°
   9          
  10          void LED_IO(unsigned char LEDdata);      //IOæ¨¡å¼ï¼Œæ§åˆ¶LED
  11          void LED_MM(unsigned char LEDdata);      //MMæ¨¡å¼ï¼Œæ§åˆ¶LED
  12          void timer1_init(void);                  //time1å®šæ—¶è®¡æ•°å™¨é…ç½®ä¸º1msçš„å®šæ—¶ä¸­æ–­
  13          void display_IO(void);                   //æ•°ç ç®¡åŠ¨æ€åˆ·æ–°å‡½æ•°
  14          void display_MM(void);                  //æ•°ç ç®¡åŠ¨æ€åˆ·æ–°å‡½æ•°
  15          unsigned char BTN_KeyBoardScan(void);   //ç‹¬ç«‹æŒ‰é”®æ‰«æç¨‹åºï¼Œæ— æœ‰æ•ˆæŒ‰é”®æŒ‰ä¸‹æ—¶ï¼Œè¿”å›0xFF
             -;æŒ‰é”®æŒ‰ä¸‹ï¼Œè¿”å›å¯¹åº”åºå·ï¼›æŒ‰é”®é•¿æŒ‰æ—¶ï¼Œè¿‡ä¸€æ®µæ—¶é—´ï¼Œè¿”å›å¯¹åº”åºå·+10ï¼›æ¾æ‰‹æ—¶ï¼Œè¿”å›å¯¹åº
             -”åºå·+20ã€‚ï¼ˆ4567ï¼‰
  16          unsigned char KBD_KeyBoardScan(void);   //çŸ©é˜µæŒ‰é”®æ‰«æç¨‹åºï¼Œæ— æœ‰æ•ˆæŒ‰é”®æŒ‰ä¸‹æ—¶ï¼Œè¿”å›0xFF
             -;æŒ‰é”®æŒ‰ä¸‹ï¼Œè¿”å›å¯¹åº”åºå·ï¼›æŒ‰é”®é•¿æŒ‰æ—¶ï¼Œè¿‡ä¸€æ®µæ—¶é—´ï¼Œè¿”å›å¯¹åº”åºå·+20ï¼›æ¾æ‰‹æ—¶ï¼Œè¿”å›å¯¹åº
             -”åºå·+40ã€‚ï¼ˆ4-19ï¼‰
  17          ////å…¨å±€å˜é‡å®šä¹‰//////
  18          unsigned int gTimer_1ms=0;  //å…¨å±€å˜é‡ï¼Œç”¨äºè®¡æ—¶
  19          bit gFlag_10ms;             //å…¨å±€å˜é‡ï¼Œæ¯10msï¼Œè¯¥å˜é‡ç½®1
  20          bit gFlag_50ms;             //å…¨å±€å˜é‡ï¼Œæ¯50msï¼Œè¯¥å˜é‡ç½®1
  21          bit gFlag_100ms;            //å…¨å±€å˜é‡ï¼Œæ¯100msï¼Œè¯¥å˜é‡ç½®1
  22          bit gFlag_200ms;            //å…¨å±€å˜é‡ï¼Œæ¯200msï¼Œè¯¥å˜é‡ç½®1
  23          bit gFlag_250ms;            //å…¨å±€å˜é‡ï¼Œæ¯250msï¼Œè¯¥å˜é‡ç½®1
  24          bit gFlag_1000ms;           //å…¨å±€å˜é‡ï¼Œæ¯1000msï¼Œè¯¥å˜é‡ç½®1
  25          unsigned char dispbuf[8] = {16,16,16,16,16,16,16,16}; //æ˜¾ç¤ºç¼“å†²åŒº
  26          /*************  æœ¬åœ°å¸¸é‡å£°æ˜    **************/
  27          unsigned char code disptab[]={                       //æ ‡å‡†å­—åº“(å…±é˜´)
  28          //   0    1    2    3    4    5    6    7    8    9    A    B    C    D    E    F
  29              0x3F,0x06,0x5B,0x4F,0x66,0x6D,0x7D,0x07,0x7F,0x6F,0x77,0x7C,0x39,0x5E,0x79,0x71,
  30          //black  -     H    J    K    L    N    o   P    U     t    G    Q    r   M    y
  31              0x00,0x40,0x76,0x1E,0x70,0x38,0x37,0x5C,0x73,0x3E,0x78,0x3d,0x67,0x50,0x37,0x6e,
  32             //0.   1.   2.  3.    4.    5.  6.   7.   8.    9.   -1 
  33              0xBF,0x86,0xDB,0xCF,0xE6,0xED,0xFD,0x87,0xFF,0xEF,0x46};
  34          
  35          
  36          
  37          ///ä¸»å‡½æ•°//////
  38          void main()
  39          {
  40   1        unsigned char i=0;
  41   1        unsigned char key_value = 0xFF;
  42   1        externaldevice_IO(0,0);
  43   1        LED_IO(0XFF);   //ç­ç¯
  44   1        timer1_init();
  45   1      //ç‹¬ç«‹æŒ‰é”®ä»»åŠ¡
  46   1        while(1)
  47   1        {
  48   2          if(gFlag_10ms)
C51 COMPILER V9.54   ________                                                              08/11/2023 10:48:13 PAGE 2   

  49   2          {
  50   3            gFlag_10ms = 0;
  51   3            key_value = KBD_KeyBoardScan();
  52   3          }
  53   2          if(key_value != 0xFF)
  54   2          {
  55   3            dispbuf[0] = key_value/10;
  56   3            dispbuf[1] = key_value%10;
  57   3            switch(key_value)
  58   3            {
  59   4              case 7:i++; break;
  60   4              case 11:i--; break;
  61   4              case 15:i += 2; break;
  62   4              case 19:i -= 2; break;
  63   4              default:break;
  64   4            }
  65   3            key_value = 0xFF;
  66   3            dispbuf[5] = i/100;
  67   3            dispbuf[6] = i%100/10;
  68   3            dispbuf[7] = i%10;
  69   3          }
  70   2        }
  71   1      
  72   1        //å®ç°æ•°ç ç®¡æ˜¾ç¤º12345678
  73   1        dispbuf[0] = 1;
  74   1        dispbuf[1] = 2;
  75   1        dispbuf[2] = 3;
  76   1        dispbuf[3] = 4;
  77   1        dispbuf[4] = 5;
  78   1        dispbuf[5] = 6;
  79   1        dispbuf[6] = 7;
  80   1        dispbuf[7] = 8;
  81   1        //å®ç°LEDç§’é—ªçƒ
  82   1        while(1)
  83   1        {
  84   2          if(gFlag_1000ms)
  85   2          {
  86   3            gFlag_1000ms = 0;
  87   3            LED_IO(i); //LEDå…¨äº®æˆ–å…¨ç­
  88   3            i = ~i;
  89   3          }
  90   2          
  91   2        }
  92   1      }
  93          ////////////////////////////////
  94          void externaldevice_IO(unsigned char beepdata,unsigned char relaydata)//IOæ¨¡å¼ï¼Œæ§åˆ¶å¤–éƒ¨è®¾å¤‡ï¼ˆèœ
             -‚é¸£å™¨ã€ç»§ç”µå™¨ï¼‰
  95          {
  96   1        unsigned char extdev_data=0;
  97   1        if(beepdata) extdev_data|=0X40;
  98   1        if(relaydata) extdev_data|=0X10;
  99   1        EA = 0;//å…³é—­ä¸­æ–­æ€»ä½¿èƒ½
 100   1        P0 = extdev_data;
 101   1        P2 = (P2 & 0X1F)|0XA0;//0b 101X XXXX ä½¿138è¯‘ç è¾“å…¥CBAä¸º5ï¼ŒY5è¾“å‡ºä½ç”µå¹³ï¼Œ573çš„LEä¸ºé«˜é”å­
             -˜çŠ¶æ€è§£é™¤
 102   1        P0 = extdev_data;
 103   1        P2 &= 0X1F;//0b 000X XXXX //é”å­˜æ•°æ®
 104   1        EA = 1;//æ‰“å¼€ä¸­æ–­æ€»ä½¿èƒ½
 105   1      }
 106          ////////////////////////////////
 107          void externaldevice_MM(unsigned char beepdata,unsigned char relaydata)//MMæ¨¡å¼ï¼Œæ§åˆ¶å¤–éƒ¨è®¾å¤‡ï¼ˆèœ
             -‚é¸£å™¨ã€ç»§ç”µå™¨ï¼‰
C51 COMPILER V9.54   ________                                                              08/11/2023 10:48:13 PAGE 3   

 108          {
 109   1        unsigned char extdev_data=0;
 110   1        if(beepdata) extdev_data|=0X40;
 111   1        if(relaydata) extdev_data|=0X10;
 112   1        EA = 0;//å…³é—­ä¸­æ–­æ€»ä½¿èƒ½
 113   1        XBYTE[0XA000] = extdev_data;
 114   1        P2 &= 0X1F;//0b 000X XXXX //é”å­˜æ•°æ®
 115   1        EA = 1;//æ‰“å¼€ä¸­æ–­æ€»ä½¿èƒ½
 116   1      }
 117          ////////////////////////////////
 118          void delay_ms(unsigned int delaydata)//å»¶æ—¶å‡½æ•°
 119          {
 120   1        unsigned int i;
 121   1        while(delaydata--)
 122   1          for(i=640;i>0;i--);
 123   1      }
 124          
 125          /////////////////////////////
 126          void LED_IO(unsigned char LEDdata)//IOæ¨¡å¼ï¼Œæ§åˆ¶LED
 127          {
 128   1        
 129   1        EA = 0;//å…³é—­ä¸­æ–­æ€»ä½¿èƒ½
 130   1        P0 = LEDdata;
 131   1        P2 = (P2 & 0X1F)|0X80;//0b 100X XXXX ä½¿138è¯‘ç è¾“å…¥CBAä¸º5ï¼ŒY5è¾“å‡ºä½ç”µå¹³ï¼Œ573çš„LEä¸ºé«˜é”å­
             -˜çŠ¶æ€è§£é™¤
 132   1        P0 = LEDdata;
 133   1        P2 &= 0X1F;//0b 000X XXXX //é”å­˜æ•°æ®
 134   1        EA = 1;//æ‰“å¼€ä¸­æ–­æ€»ä½¿èƒ½
 135   1      }
 136          
 137          void LED_MM(unsigned char LEDdata)//MMæ¨¡å¼ï¼Œæ§åˆ¶LED
 138          {
 139   1        EA = 0;//å…³é—­ä¸­æ–­æ€»ä½¿èƒ½
 140   1        XBYTE[0X8000] = LEDdata;
 141   1        P2 &= 0X1F;//0b 000X XXXX //é”å­˜æ•°æ®
 142   1        EA = 1;//æ‰“å¼€ä¸­æ–­æ€»ä½¿èƒ½
 143   1      }
 144          
 145          /////////////////////////////
 146          void timer1_init(void)         //time1å®šæ—¶è®¡æ•°å™¨é…ç½®ä¸º1msçš„å®šæ—¶ä¸­æ–­
 147          {
 148   1              AUXR &= 0xBF;           //å®šæ—¶å™¨æ—¶é’Ÿ12Tæ¨¡å¼
 149   1              TMOD &= 0x0F;           //è®¾ç½®å®šæ—¶å™¨æ¨¡å¼
 150   1              TL1 = 0x18;             //è®¾ç½®å®šæ—¶åˆå§‹å€¼
 151   1              TH1 = 0xFC;             //è®¾ç½®å®šæ—¶åˆå§‹å€¼
 152   1              TF1 = 0;                //æ¸…é™¤TF1æ ‡å¿—
 153   1              TR1 = 1;                //å®šæ—¶å™¨1å¼€å§‹è®¡æ—¶
 154   1        ET1 = 1;        //time1ä¸­æ–­åˆ†å…è®¸
 155   1        EA = 1;         //ä¸­æ–­æ€»å…è®¸
 156   1      }
 157          
 158          void tm1_isr() interrupt 3
 159          {
 160   1        gTimer_1ms++;
 161   1        if(gTimer_1ms == 60000)    gTimer_1ms=0;
 162   1        if(gTimer_1ms%10 == 0)    gFlag_10ms=1;
 163   1        if(gTimer_1ms%50 == 0)    gFlag_50ms=1;
 164   1        if(gTimer_1ms%100 == 0)   gFlag_100ms=1;
 165   1        if(gTimer_1ms%200 == 0)   gFlag_200ms=1;
 166   1        if(gTimer_1ms%250 == 0)   gFlag_250ms=1;
 167   1        if(gTimer_1ms%1000 == 0)  gFlag_1000ms=1;
 168   1        display_IO();
C51 COMPILER V9.54   ________                                                              08/11/2023 10:48:13 PAGE 4   

 169   1      }
 170          //////////////////////////////////////////////////
 171          void display_IO(void)
 172          {
 173   1        static unsigned char dispcom_IO = 0;
 174   1      
 175   1        P0 = 0xFF; //ä½¿æ®µé€‰å…¨éƒ¨è¾“å‡ºä¸ºé«˜ï¼Œä»è€Œä½¿æ‰€æœ‰æ•°ç ç®¡æ¶ˆéš
 176   1        P2 = (P2 & 0x1F)|0XE0;//0b 111X XXXX ä½¿138è¯‘ç è¾“å…¥CBAä¸º7ï¼ŒY7è¾“å‡ºä½ç”µå¹³ï¼Œæ®µé€‰573çš„LEä¸ºé«
             -˜ï¼Œé”å­˜çŠ¶æ€è§£é™¤
 177   1        P2 &= 0x1F;//0b 000X XXXX //é”å­˜æ•°æ®
 178   1        P0 = 0;
 179   1        //ä½é€‰
 180   1        P2 = (P2 & 0X1F)|0XC0;//0b 110X XXXX ä½¿138è¯‘ç è¾“å…¥CBAä¸º6ï¼ŒY6è¾“å‡ºä½ç”µå¹³ï¼Œä½é€‰573çš„LEä¸ºé«
             -˜ï¼Œé”å­˜çŠ¶æ€è§£é™¤
 181   1        P0 = 1<<dispcom_IO;
 182   1        P2 &= 0X1F;//0b 000X XXXX //é”å­˜æ•°æ®
 183   1        //æ®µé€‰
 184   1        P0 = 0xFF;
 185   1        P2 = (P2 & 0X1F)|0XE0;//0b 111X XXXX ä½¿138è¯‘ç è¾“å…¥CBAä¸º7ï¼ŒY7è¾“å‡ºä½ç”µå¹³ï¼Œæ®µé€‰573çš„LEä¸ºé«
             -˜ï¼Œé”å­˜çŠ¶æ€è§£é™¤
 186   1        P0 = ~disptab[dispbuf[dispcom_IO]];
 187   1        P2 &= 0x1F;//0b 000X XXXX //é”å­˜æ•°æ®
 188   1      
 189   1        dispcom_IO++;
 190   1        if (dispcom_IO >= 8) dispcom_IO = 0;
 191   1      }
 192          void display_MM(void)
 193          {
 194   1        EA = 0;//å…³é—­ä¸­æ–­æ€»ä½¿èƒ½
 195   1        XBYTE[0X8000] = 0;
 196   1        P2 &= 0X1F;//0b 000X XXXX //é”å­˜æ•°æ®
 197   1        EA = 1;//æ‰“å¼€ä¸­æ–­æ€»ä½¿èƒ½
 198   1      }
 199          
 200          /////////////////////////////////
 201          unsigned char BTN_KeyBoardScan(void)   //ç‹¬ç«‹æŒ‰é”®æ‰«æç¨‹åºï¼Œæ— æœ‰æ•ˆæŒ‰é”®æŒ‰ä¸‹æ—¶ï¼Œè¿”å›0xFF;
             -æŒ‰é”®æŒ‰ä¸‹ï¼Œè¿”å›å¯¹åº”åºå·ï¼›æŒ‰é”®é•¿æŒ‰æ—¶ï¼Œæ¯è¿‡ä¸€æ®µæ—¶é—´ï¼Œè¿”å›å¯¹åº”åºå·+10ï¼›æ¾æ‰‹æ—¶ï¼Œè¿”å›å¯¹
             -åº”åºå·+20ã€‚
 202          {
 203   1        static unsigned char KeyPressBTN = 0; //å­˜å‚¨æŒ‰é”®æŒ‰å‹æ—¶é•¿
 204   1        static unsigned char KeyFreeBTN = 0;  //æŒ‰é”®æ¾å¼€æ ‡å¿—
 205   1        static unsigned char KeyValueBTN = 0; //å­˜å‚¨æŒ‰é”®é”®å€¼
 206   1        static unsigned char IntervalBTN = 55; //å­˜å‚¨é•¿æŒ‰é”®æ—¶ï¼Œé”®å€¼è¿”å›çš„æ—¶é—´é—´éš”ï¼Œ550ms
 207   1        unsigned char temp;
 208   1        P3 |= 0x0F;
 209   1        temp = (P3 & 0x0F);
 210   1        if(temp != 0x0F) //æ˜¯å¦æœ‰é”®è¢«æŒ‰ä¸‹
 211   1        {
 212   2          if(KeyPressBTN < 200) KeyPressBTN++;
 213   2          if(KeyPressBTN < 5)
 214   2          {
 215   3            return 0xFF;
 216   3          }
 217   2          else if(KeyPressBTN == 5)
 218   2          {
 219   3            KeyFreeBTN = 1;
 220   3            IntervalBTN = 55;
 221   3            switch(temp)
 222   3            {
 223   4              case 0x0E:KeyValueBTN = 7;break;
 224   4              case 0x0D:KeyValueBTN = 6;break;
 225   4              case 0x0B:KeyValueBTN = 5;break;
C51 COMPILER V9.54   ________                                                              08/11/2023 10:48:13 PAGE 5   

 226   4              case 0x07:KeyValueBTN = 4;break;
 227   4              //å¦‚æœéœ€è¦ç»„åˆé”®ï¼Œå¯æ ¹æ®é”®å€¼å¢åŠ æƒ…å†µ
 228   4              default:KeyValueBTN = 0xFF; KeyFreeBTN = 0;IntervalBTN = 0;KeyPressBTN = 0;break;
 229   4            }
 230   3            return KeyValueBTN;
 231   3          }
 232   2          else //å¤„ç†é•¿æŒ‰é”®
 233   2          {
 234   3            if(IntervalBTN)
 235   3            {
 236   4              IntervalBTN--;
 237   4              if(IntervalBTN == 0)
 238   4              {
 239   5                IntervalBTN = 55;
 240   5                return KeyValueBTN+10;
 241   5              }
 242   4            }
 243   3            else IntervalBTN = 55;
 244   3            return 0xFF;
 245   3          }
 246   2        }
 247   1        else //æ— é”®æŒ‰ä¸‹æˆ–å·²é‡Šæ”¾
 248   1        {
 249   2          KeyPressBTN = 0;
 250   2          if(KeyFreeBTN == 1)
 251   2          {
 252   3            KeyFreeBTN = 0;
 253   3            return KeyValueBTN+20;
 254   3          }
 255   2          return 0xFF;
 256   2        }
 257   1      }
 258          //////////////////////////////////////
 259          unsigned char KBD_KeyBoardScan(void)  //çŸ©é˜µæŒ‰é”®æ‰«æç¨‹åºï¼Œæ— æœ‰æ•ˆæŒ‰é”®æŒ‰ä¸‹æ—¶ï¼Œè¿”å›0xFF;æ
             -Œ‰é”®æŒ‰ä¸‹ï¼Œè¿”å›å¯¹åº”åºå·ï¼›æŒ‰é”®é•¿æŒ‰æ—¶ï¼Œè¿‡ä¸€æ®µæ—¶é—´ï¼Œè¿”å›å¯¹åº”åºå·+20ï¼›æ¾æ‰‹æ—¶ï¼Œè¿”å›å¯¹åº”å
             -ºå·+40ã€‚ï¼ˆ4-19)
 260          {
 261   1        static unsigned char KeyPressKBD = 0; //å­˜å‚¨æŒ‰é”®æŒ‰å‹æ—¶é•¿
 262   1        static unsigned char KeyFreeKBD = 0;  //æŒ‰é”®æ¾å¼€æ ‡å¿—
 263   1        static unsigned char KeyValueKBD = 0; //å­˜å‚¨æŒ‰é”®é”®å€¼
 264   1        static unsigned char IntervalKBD = 55; //å­˜å‚¨é•¿æŒ‰é”®æ—¶ï¼Œé”®å€¼è¿”å›çš„æ—¶é—´é—´éš”ï¼Œ550ms
 265   1        unsigned char S1;
 266   1        unsigned char S2;
 267   1        P3 = 0x0F;
 268   1        P42 = 0;
 269   1        P44 = 0;
 270   1        S1 = (P3 & 0x0F);
 271   1        if(S1 != 0x0F) //æœ‰é”®è¢«æŒ‰ä¸‹
 272   1        {
 273   2          if(KeyPressKBD < 200) KeyPressKBD++;
 274   2          if(KeyPressKBD < 5)
 275   2          {
 276   3            return 0xFF;
 277   3          }
 278   2          else if(KeyPressKBD == 5)
 279   2          {
 280   3            KeyFreeKBD = 1;
 281   3            IntervalKBD = 55;
 282   3            S1 = (P3 & 0x0F);
 283   3            P3 = 0xF0;
 284   3            P42 = 1;
 285   3            P44 = 1;
C51 COMPILER V9.54   ________                                                              08/11/2023 10:48:13 PAGE 6   

 286   3            S2 = (P3 & 0xF0);
 287   3            if(P42) S2 |= 0x40;
 288   3            else S2 &= (~0x40);
 289   3            if(P44) S2 |= 0x80;
 290   3            else S2 &= (~0x80);
 291   3            S1 |= S2;
 292   3      
 293   3            switch(S1)
 294   3            {
 295   4              case 0x77:KeyValueKBD = 4;break;
 296   4              case 0x7B:KeyValueKBD = 5;break;
 297   4              case 0x7D:KeyValueKBD = 6;break;
 298   4              case 0x7E:KeyValueKBD = 7;break;
 299   4              case 0xB7:KeyValueKBD = 8;break;
 300   4              case 0xBB:KeyValueKBD = 9;break;
 301   4              case 0xBD:KeyValueKBD = 10;break;
 302   4              case 0xBE:KeyValueKBD = 11;break;
 303   4              case 0xD7:KeyValueKBD = 12;break;
 304   4              case 0xDB:KeyValueKBD = 13;break;
 305   4              case 0xDD:KeyValueKBD = 14;break;
 306   4              case 0xDE:KeyValueKBD = 15;break;
 307   4              case 0xE7:KeyValueKBD = 16;break;
 308   4              case 0xEB:KeyValueKBD = 17;break;
 309   4              case 0xED:KeyValueKBD = 18;break;
 310   4              case 0xEE:KeyValueKBD = 19;break;
 311   4              //å¦‚æœéœ€è¦ç»„åˆé”®ï¼Œå¯æ ¹æ®é”®å€¼å¢åŠ æƒ…å†µ
 312   4              default:KeyValueKBD = 0xFF; KeyFreeKBD = 0;IntervalKBD = 0;KeyPressKBD = 0;break;
 313   4            }
 314   3            return KeyValueKBD;
 315   3          }
 316   2          else //å¤„ç†é•¿æŒ‰é”®
 317   2          {
 318   3            if(IntervalKBD)
 319   3            {
 320   4              IntervalKBD--;
 321   4              if(IntervalKBD == 0)
 322   4              {
 323   5                IntervalKBD = 55;
 324   5                return KeyValueKBD+20;
 325   5              }
 326   4            }
 327   3            else IntervalKBD = 55;
 328   3            return 0xFF;
 329   3          }
 330   2        }
 331   1        else //æ— é”®æŒ‰ä¸‹æˆ–å·²é‡Šæ”¾
 332   1        {
 333   2          KeyPressKBD = 0;
 334   2          if(KeyFreeKBD == 1)
 335   2          {
 336   3            KeyFreeKBD = 0;
 337   3            return KeyValueKBD+40;
 338   3          }
 339   2          return 0xFF;
 340   2        }
 341   1      }
*** WARNING C294 IN LINE 73 OF ×¼¿¼Ö¤ºÅ.c: unreachable code


MODULE INFORMATION:   STATIC OVERLAYABLE
   CODE SIZE        =    974    ----
   CONSTANT SIZE    =     43    ----
C51 COMPILER V9.54   ________                                                              08/11/2023 10:48:13 PAGE 7   

   XDATA SIZE       =   ----    ----
   PDATA SIZE       =   ----    ----
   DATA SIZE        =     19       2
   IDATA SIZE       =   ----    ----
   BIT SIZE         =      6    ----
END OF MODULE INFORMATION.


C51 COMPILATION COMPLETE.  1 WARNING(S),  0 ERROR(S)
