C51 COMPILER V9.54   ________                                                              08/11/2023 18:32:00 PAGE 1   


C51 COMPILER V9.54, COMPILATION OF MODULE ________
OBJECT MODULE PLACED IN .\Objects\×¼¿¼Ö¤ºÅ.obj
COMPILER INVOKED BY: D:\keil\C51\BIN\C51.EXE ×¼¿¼Ö¤ºÅ.c OPTIMIZE(8,SPEED) BROWSE DEBUG OBJECTEXTEND PRINT(.\Listings\×¼¿
                    -¼Ö¤ºÅ.lst) OBJECT(.\Objects\×¼¿¼Ö¤ºÅ.obj)

line level    source

   1          #include "stc15f2k60s2.h"
   2          #include "absacc.h"
   3          #include <stdio.h>
   4          #include "iic.h"
   5          
   6          /////å‡½æ•°å£°æ˜////
   7          void externaldevice_IO(unsigned char beepdata,unsigned char relaydata);//IOæ¨¡å¼ï¼Œæ§åˆ¶å¤–éƒ¨è®¾å¤‡ï¼ˆè
             -œ‚é¸£å™¨ã€ç»§ç”µå™¨ï¼‰
   8          void externaldevice_MM(unsigned char beepdata,unsigned char relaydata);//MMæ¨¡å¼ï¼Œæ§åˆ¶å¤–éƒ¨è®¾å¤‡ï¼ˆè
             -œ‚é¸£å™¨ã€ç»§ç”µå™¨ï¼‰
   9          void delay_ms(unsigned int delaydata);//å»¶æ—¶å‡½æ•°
  10          
  11          void LED_IO(unsigned char LEDdata);      //IOæ¨¡å¼ï¼Œæ§åˆ¶LED
  12          void LED_MM(unsigned char LEDdata);      //MMæ¨¡å¼ï¼Œæ§åˆ¶LED
  13          void timer1_init(void);                  //time1å®šæ—¶è®¡æ•°å™¨é…ç½®ä¸º1msçš„å®šæ—¶ä¸­æ–­
  14          void display_IO(void);                   //æ•°ç ç®¡åŠ¨æ€åˆ·æ–°å‡½æ•°
  15          void display_MM(void);                  //æ•°ç ç®¡åŠ¨æ€åˆ·æ–°å‡½æ•°
  16          unsigned char BTN_KeyBoardScan(void);   //ç‹¬ç«‹æŒ‰é”®æ‰«æç¨‹åºï¼Œæ— æœ‰æ•ˆæŒ‰é”®æŒ‰ä¸‹æ—¶ï¼Œè¿”å›0xFF
             -;æŒ‰é”®æŒ‰ä¸‹ï¼Œè¿”å›å¯¹åº”åºå·ï¼›æŒ‰é”®é•¿æŒ‰æ—¶ï¼Œè¿‡ä¸€æ®µæ—¶é—´ï¼Œè¿”å›å¯¹åº”åºå·+10ï¼›æ¾æ‰‹æ—¶ï¼Œè¿”å›å¯¹åº
             -”åºå·+20ã€‚ï¼ˆ4567ï¼‰
  17          unsigned char KBD_KeyBoardScan(void);   //çŸ©é˜µæŒ‰é”®æ‰«æç¨‹åºï¼Œæ— æœ‰æ•ˆæŒ‰é”®æŒ‰ä¸‹æ—¶ï¼Œè¿”å›0xFF
             -;æŒ‰é”®æŒ‰ä¸‹ï¼Œè¿”å›å¯¹åº”åºå·ï¼›æŒ‰é”®é•¿æŒ‰æ—¶ï¼Œè¿‡ä¸€æ®µæ—¶é—´ï¼Œè¿”å›å¯¹åº”åºå·+20ï¼›æ¾æ‰‹æ—¶ï¼Œè¿”å›å¯¹åº
             -”åºå·+40ã€‚ï¼ˆ4-19ï¼‰
  18          ////å…¨å±€å˜é‡å®šä¹‰//////
  19          unsigned int gTimer_1ms=0;  //å…¨å±€å˜é‡ï¼Œç”¨äºè®¡æ—¶
  20          bit gFlag_10ms;             //å…¨å±€å˜é‡ï¼Œæ¯10msï¼Œè¯¥å˜é‡ç½®1
  21          bit gFlag_50ms;             //å…¨å±€å˜é‡ï¼Œæ¯50msï¼Œè¯¥å˜é‡ç½®1
  22          bit gFlag_100ms;            //å…¨å±€å˜é‡ï¼Œæ¯100msï¼Œè¯¥å˜é‡ç½®1
  23          bit gFlag_200ms;            //å…¨å±€å˜é‡ï¼Œæ¯200msï¼Œè¯¥å˜é‡ç½®1
  24          bit gFlag_250ms;            //å…¨å±€å˜é‡ï¼Œæ¯250msï¼Œè¯¥å˜é‡ç½®1
  25          bit gFlag_1000ms;           //å…¨å±€å˜é‡ï¼Œæ¯1000msï¼Œè¯¥å˜é‡ç½®1
  26          unsigned char dispbuf[8] = {16,16,16,16,16,16,16,16}; //æ˜¾ç¤ºç¼“å†²åŒº
  27          /*************  æœ¬åœ°å¸¸é‡å£°æ˜    **************/
  28          unsigned char code disptab[]={                       //æ ‡å‡†å­—åº“(å…±é˜´)
  29          //   0    1    2    3    4    5    6    7    8    9    A    B    C    D    E    F
  30              0x3F,0x06,0x5B,0x4F,0x66,0x6D,0x7D,0x07,0x7F,0x6F,0x77,0x7C,0x39,0x5E,0x79,0x71,
  31          //black  -     H    J    K    L    N    o   P    U     t    G    Q    r   M    y
  32              0x00,0x40,0x76,0x1E,0x70,0x38,0x37,0x5C,0x73,0x3E,0x78,0x3d,0x67,0x50,0x37,0x6e,
  33             //0.   1.   2.  3.    4.    5.  6.   7.   8.    9.   -1 
  34              0xBF,0x86,0xDB,0xCF,0xE6,0xED,0xFD,0x87,0xFF,0xEF,0x46};
  35          
  36          
  37          
  38          ///ä¸»å‡½æ•°//////
  39          void main()
  40          {
  41   1        unsigned char i=0;
  42   1        unsigned char key_value = 0xFF;
  43   1        unsigned char AD1_value_Now = 0;
  44   1        unsigned char AD3_value_Now = 0;
  45   1      
  46   1        externaldevice_IO(0,0);
  47   1        LED_IO(0XFF);   //ç­ç¯
  48   1        timer1_init();
C51 COMPILER V9.54   ________                                                              08/11/2023 18:32:00 PAGE 2   

  49   1      
  50   1        //ADDA
  51   1        while(1)
  52   1        {
  53   2          if(gFlag_200ms)
  54   2          {
  55   3            gFlag_200ms = 0;
  56   3            ADC_PCF8591(0x01);
  57   3            ADC_PCF8591(0x01);
  58   3            AD1_value_Now = ADC_PCF8591(0x01);
  59   3            dispbuf[0] = AD1_value_Now/100;
  60   3            dispbuf[1] = AD1_value_Now%100/10;
  61   3            dispbuf[2] = AD1_value_Now%10;
  62   3            ADC_PCF8591(0x03);
  63   3            ADC_PCF8591(0x03);
  64   3            AD3_value_Now = ADC_PCF8591(0x03);
  65   3            dispbuf[5] = AD3_value_Now/100;
  66   3            dispbuf[6] = AD3_value_Now%100/10;
  67   3            dispbuf[7] = AD3_value_Now%10;
  68   3            DAC_PCF8591(AD3_value_Now);
  69   3          } 
  70   2        }
  71   1      
  72   1      
  73   1      
  74   1      
  75   1      //I2Cä»»åŠ¡
  76   1        EA = 0;
  77   1        i = read_EEPROM(0x00);
  78   1        if(i>=100)  dispbuf[5] = i/100;
  79   1        else dispbuf[5] = 16;
  80   1        if(i >= 10) dispbuf[6] = i%100/10;
  81   1        else dispbuf[6] = 16;
  82   1        dispbuf[7] = i%10;
  83   1        i++;
  84   1        write_EEPROM(0x00,i);
  85   1        EA = 1;
  86   1        while(1);
  87   1      
  88   1      
  89   1      //ç‹¬ç«‹æŒ‰é”®ä»»åŠ¡
  90   1        while(1)
  91   1        {
  92   2          if(gFlag_10ms)
  93   2          {
  94   3            gFlag_10ms = 0;
  95   3            key_value = KBD_KeyBoardScan();
  96   3          }
  97   2          if(key_value != 0xFF)
  98   2          {
  99   3            dispbuf[0] = key_value/10;
 100   3            dispbuf[1] = key_value%10;
 101   3            switch(key_value)
 102   3            {
 103   4              case 7:i++; break;
 104   4              case 11:i--; break;
 105   4              case 15:i += 2; break;
 106   4              case 19:i -= 2; break;
 107   4              default:break;
 108   4            }
 109   3            key_value = 0xFF;
 110   3            dispbuf[5] = i/100;
C51 COMPILER V9.54   ________                                                              08/11/2023 18:32:00 PAGE 3   

 111   3            dispbuf[6] = i%100/10;
 112   3            dispbuf[7] = i%10;
 113   3          }
 114   2        }
 115   1      
 116   1        //å®ç°æ•°ç ç®¡æ˜¾ç¤º12345678
 117   1        dispbuf[0] = 1;
 118   1        dispbuf[1] = 2;
 119   1        dispbuf[2] = 3;
 120   1        dispbuf[3] = 4;
 121   1        dispbuf[4] = 5;
 122   1        dispbuf[5] = 6;
 123   1        dispbuf[6] = 7;
 124   1        dispbuf[7] = 8;
 125   1        //å®ç°LEDç§’é—ªçƒ
 126   1        while(1)
 127   1        {
 128   2          if(gFlag_1000ms)
 129   2          {
 130   3            gFlag_1000ms = 0;
 131   3            LED_IO(i); //LEDå…¨äº®æˆ–å…¨ç­
 132   3            i = ~i;
 133   3          }
 134   2          
 135   2        }
 136   1      }
 137          ////////////////////////////////
 138          void externaldevice_IO(unsigned char beepdata,unsigned char relaydata)//IOæ¨¡å¼ï¼Œæ§åˆ¶å¤–éƒ¨è®¾å¤‡ï¼ˆèœ
             -‚é¸£å™¨ã€ç»§ç”µå™¨ï¼‰
 139          {
 140   1        unsigned char extdev_data=0;
 141   1        if(beepdata) extdev_data|=0X40;
 142   1        if(relaydata) extdev_data|=0X10;
 143   1        EA = 0;//å…³é—­ä¸­æ–­æ€»ä½¿èƒ½
 144   1        P0 = extdev_data;
 145   1        P2 = (P2 & 0X1F)|0XA0;//0b 101X XXXX ä½¿138è¯‘ç è¾“å…¥CBAä¸º5ï¼ŒY5è¾“å‡ºä½ç”µå¹³ï¼Œ573çš„LEä¸ºé«˜é”å­
             -˜çŠ¶æ€è§£é™¤
 146   1        P0 = extdev_data;
 147   1        P2 &= 0X1F;//0b 000X XXXX //é”å­˜æ•°æ®
 148   1        EA = 1;//æ‰“å¼€ä¸­æ–­æ€»ä½¿èƒ½
 149   1      }
 150          ////////////////////////////////
 151          void externaldevice_MM(unsigned char beepdata,unsigned char relaydata)//MMæ¨¡å¼ï¼Œæ§åˆ¶å¤–éƒ¨è®¾å¤‡ï¼ˆèœ
             -‚é¸£å™¨ã€ç»§ç”µå™¨ï¼‰
 152          {
 153   1        unsigned char extdev_data=0;
 154   1        if(beepdata) extdev_data|=0X40;
 155   1        if(relaydata) extdev_data|=0X10;
 156   1        EA = 0;//å…³é—­ä¸­æ–­æ€»ä½¿èƒ½
 157   1        XBYTE[0XA000] = extdev_data;
 158   1        P2 &= 0X1F;//0b 000X XXXX //é”å­˜æ•°æ®
 159   1        EA = 1;//æ‰“å¼€ä¸­æ–­æ€»ä½¿èƒ½
 160   1      }
 161          ////////////////////////////////
 162          void delay_ms(unsigned int delaydata)//å»¶æ—¶å‡½æ•°
 163          {
 164   1        unsigned int i;
 165   1        while(delaydata--)
 166   1          for(i=640;i>0;i--);
 167   1      }
 168          
 169          /////////////////////////////
C51 COMPILER V9.54   ________                                                              08/11/2023 18:32:00 PAGE 4   

 170          void LED_IO(unsigned char LEDdata)//IOæ¨¡å¼ï¼Œæ§åˆ¶LED
 171          {
 172   1        
 173   1        EA = 0;//å…³é—­ä¸­æ–­æ€»ä½¿èƒ½
 174   1        P0 = LEDdata;
 175   1        P2 = (P2 & 0X1F)|0X80;//0b 100X XXXX ä½¿138è¯‘ç è¾“å…¥CBAä¸º5ï¼ŒY5è¾“å‡ºä½ç”µå¹³ï¼Œ573çš„LEä¸ºé«˜é”å­
             -˜çŠ¶æ€è§£é™¤
 176   1        P0 = LEDdata;
 177   1        P2 &= 0X1F;//0b 000X XXXX //é”å­˜æ•°æ®
 178   1        EA = 1;//æ‰“å¼€ä¸­æ–­æ€»ä½¿èƒ½
 179   1      }
 180          
 181          void LED_MM(unsigned char LEDdata)//MMæ¨¡å¼ï¼Œæ§åˆ¶LED
 182          {
 183   1        EA = 0;//å…³é—­ä¸­æ–­æ€»ä½¿èƒ½
 184   1        XBYTE[0X8000] = LEDdata;
 185   1        P2 &= 0X1F;//0b 000X XXXX //é”å­˜æ•°æ®
 186   1        EA = 1;//æ‰“å¼€ä¸­æ–­æ€»ä½¿èƒ½
 187   1      }
 188          
 189          /////////////////////////////
 190          void timer1_init(void)         //time1å®šæ—¶è®¡æ•°å™¨é…ç½®ä¸º1msçš„å®šæ—¶ä¸­æ–­
 191          {
 192   1              AUXR &= 0xBF;           //å®šæ—¶å™¨æ—¶é’Ÿ12Tæ¨¡å¼
 193   1              TMOD &= 0x0F;           //è®¾ç½®å®šæ—¶å™¨æ¨¡å¼
 194   1              TL1 = 0x18;             //è®¾ç½®å®šæ—¶åˆå§‹å€¼
 195   1              TH1 = 0xFC;             //è®¾ç½®å®šæ—¶åˆå§‹å€¼
 196   1              TF1 = 0;                //æ¸…é™¤TF1æ ‡å¿—
 197   1              TR1 = 1;                //å®šæ—¶å™¨1å¼€å§‹è®¡æ—¶
 198   1        ET1 = 1;        //time1ä¸­æ–­åˆ†å…è®¸
 199   1        EA = 1;         //ä¸­æ–­æ€»å…è®¸
 200   1      }
 201          
 202          void tm1_isr() interrupt 3
 203          {
 204   1        gTimer_1ms++;
 205   1        if(gTimer_1ms == 60000)    gTimer_1ms=0;
 206   1        if(gTimer_1ms%10 == 0)    gFlag_10ms=1;
 207   1        if(gTimer_1ms%50 == 0)    gFlag_50ms=1;
 208   1        if(gTimer_1ms%100 == 0)   gFlag_100ms=1;
 209   1        if(gTimer_1ms%200 == 0)   gFlag_200ms=1;
 210   1        if(gTimer_1ms%250 == 0)   gFlag_250ms=1;
 211   1        if(gTimer_1ms%1000 == 0)  gFlag_1000ms=1;
 212   1        display_IO();
 213   1      }
 214          //////////////////////////////////////////////////
 215          void display_IO(void)
 216          {
 217   1        static unsigned char dispcom_IO = 0;
 218   1      
 219   1        P0 = 0xFF; //ä½¿æ®µé€‰å…¨éƒ¨è¾“å‡ºä¸ºé«˜ï¼Œä»è€Œä½¿æ‰€æœ‰æ•°ç ç®¡æ¶ˆéš
 220   1        P2 = (P2 & 0x1F)|0XE0;//0b 111X XXXX ä½¿138è¯‘ç è¾“å…¥CBAä¸º7ï¼ŒY7è¾“å‡ºä½ç”µå¹³ï¼Œæ®µé€‰573çš„LEä¸ºé«
             -˜ï¼Œé”å­˜çŠ¶æ€è§£é™¤
 221   1        P2 &= 0x1F;//0b 000X XXXX //é”å­˜æ•°æ®
 222   1        P0 = 0;
 223   1        //ä½é€‰
 224   1        P2 = (P2 & 0X1F)|0XC0;//0b 110X XXXX ä½¿138è¯‘ç è¾“å…¥CBAä¸º6ï¼ŒY6è¾“å‡ºä½ç”µå¹³ï¼Œä½é€‰573çš„LEä¸ºé«
             -˜ï¼Œé”å­˜çŠ¶æ€è§£é™¤
 225   1        P0 = 1<<dispcom_IO;
 226   1        P2 &= 0X1F;//0b 000X XXXX //é”å­˜æ•°æ®
 227   1        //æ®µé€‰
 228   1        P0 = 0xFF;
C51 COMPILER V9.54   ________                                                              08/11/2023 18:32:00 PAGE 5   

 229   1        P2 = (P2 & 0X1F)|0XE0;//0b 111X XXXX ä½¿138è¯‘ç è¾“å…¥CBAä¸º7ï¼ŒY7è¾“å‡ºä½ç”µå¹³ï¼Œæ®µé€‰573çš„LEä¸ºé«
             -˜ï¼Œé”å­˜çŠ¶æ€è§£é™¤
 230   1        P0 = ~disptab[dispbuf[dispcom_IO]];
 231   1        P2 &= 0x1F;//0b 000X XXXX //é”å­˜æ•°æ®
 232   1      
 233   1        dispcom_IO++;
 234   1        if (dispcom_IO >= 8) dispcom_IO = 0;
 235   1      }
 236          void display_MM(void)
 237          {
 238   1        EA = 0;//å…³é—­ä¸­æ–­æ€»ä½¿èƒ½
 239   1        XBYTE[0X8000] = 0;
 240   1        P2 &= 0X1F;//0b 000X XXXX //é”å­˜æ•°æ®
 241   1        EA = 1;//æ‰“å¼€ä¸­æ–­æ€»ä½¿èƒ½
 242   1      }
 243          
 244          /////////////////////////////////
 245          unsigned char BTN_KeyBoardScan(void)   //ç‹¬ç«‹æŒ‰é”®æ‰«æç¨‹åºï¼Œæ— æœ‰æ•ˆæŒ‰é”®æŒ‰ä¸‹æ—¶ï¼Œè¿”å›0xFF;
             -æŒ‰é”®æŒ‰ä¸‹ï¼Œè¿”å›å¯¹åº”åºå·ï¼›æŒ‰é”®é•¿æŒ‰æ—¶ï¼Œæ¯è¿‡ä¸€æ®µæ—¶é—´ï¼Œè¿”å›å¯¹åº”åºå·+10ï¼›æ¾æ‰‹æ—¶ï¼Œè¿”å›å¯¹
             -åº”åºå·+20ã€‚
 246          {
 247   1        static unsigned char KeyPressBTN = 0; //å­˜å‚¨æŒ‰é”®æŒ‰å‹æ—¶é•¿
 248   1        static unsigned char KeyFreeBTN = 0;  //æŒ‰é”®æ¾å¼€æ ‡å¿—
 249   1        static unsigned char KeyValueBTN = 0; //å­˜å‚¨æŒ‰é”®é”®å€¼
 250   1        static unsigned char IntervalBTN = 55; //å­˜å‚¨é•¿æŒ‰é”®æ—¶ï¼Œé”®å€¼è¿”å›çš„æ—¶é—´é—´éš”ï¼Œ550ms
 251   1        unsigned char temp;
 252   1        P3 |= 0x0F;
 253   1        temp = (P3 & 0x0F);
 254   1        if(temp != 0x0F) //æ˜¯å¦æœ‰é”®è¢«æŒ‰ä¸‹
 255   1        {
 256   2          if(KeyPressBTN < 200) KeyPressBTN++;
 257   2          if(KeyPressBTN < 5)
 258   2          {
 259   3            return 0xFF;
 260   3          }
 261   2          else if(KeyPressBTN == 5)
 262   2          {
 263   3            KeyFreeBTN = 1;
 264   3            IntervalBTN = 55;
 265   3            switch(temp)
 266   3            {
 267   4              case 0x0E:KeyValueBTN = 7;break;
 268   4              case 0x0D:KeyValueBTN = 6;break;
 269   4              case 0x0B:KeyValueBTN = 5;break;
 270   4              case 0x07:KeyValueBTN = 4;break;
 271   4              //å¦‚æœéœ€è¦ç»„åˆé”®ï¼Œå¯æ ¹æ®é”®å€¼å¢åŠ æƒ…å†µ
 272   4              default:KeyValueBTN = 0xFF; KeyFreeBTN = 0;IntervalBTN = 0;KeyPressBTN = 0;break;
 273   4            }
 274   3            return KeyValueBTN;
 275   3          }
 276   2          else //å¤„ç†é•¿æŒ‰é”®
 277   2          {
 278   3            if(IntervalBTN)
 279   3            {
 280   4              IntervalBTN--;
 281   4              if(IntervalBTN == 0)
 282   4              {
 283   5                IntervalBTN = 55;
 284   5                return KeyValueBTN+10;
 285   5              }
 286   4            }
 287   3            else IntervalBTN = 55;
C51 COMPILER V9.54   ________                                                              08/11/2023 18:32:00 PAGE 6   

 288   3            return 0xFF;
 289   3          }
 290   2        }
 291   1        else //æ— é”®æŒ‰ä¸‹æˆ–å·²é‡Šæ”¾
 292   1        {
 293   2          KeyPressBTN = 0;
 294   2          if(KeyFreeBTN == 1)
 295   2          {
 296   3            KeyFreeBTN = 0;
 297   3            return KeyValueBTN+20;
 298   3          }
 299   2          return 0xFF;
 300   2        }
 301   1      }
 302          //////////////////////////////////////
 303          unsigned char KBD_KeyBoardScan(void)  //çŸ©é˜µæŒ‰é”®æ‰«æç¨‹åºï¼Œæ— æœ‰æ•ˆæŒ‰é”®æŒ‰ä¸‹æ—¶ï¼Œè¿”å›0xFF;æ
             -Œ‰é”®æŒ‰ä¸‹ï¼Œè¿”å›å¯¹åº”åºå·ï¼›æŒ‰é”®é•¿æŒ‰æ—¶ï¼Œè¿‡ä¸€æ®µæ—¶é—´ï¼Œè¿”å›å¯¹åº”åºå·+20ï¼›æ¾æ‰‹æ—¶ï¼Œè¿”å›å¯¹åº”å
             -ºå·+40ã€‚ï¼ˆ4-19)
 304          {
 305   1        static unsigned char KeyPressKBD = 0; //å­˜å‚¨æŒ‰é”®æŒ‰å‹æ—¶é•¿
 306   1        static unsigned char KeyFreeKBD = 0;  //æŒ‰é”®æ¾å¼€æ ‡å¿—
 307   1        static unsigned char KeyValueKBD = 0; //å­˜å‚¨æŒ‰é”®é”®å€¼
 308   1        static unsigned char IntervalKBD = 55; //å­˜å‚¨é•¿æŒ‰é”®æ—¶ï¼Œé”®å€¼è¿”å›çš„æ—¶é—´é—´éš”ï¼Œ550ms
 309   1        unsigned char S1;
 310   1        unsigned char S2;
 311   1        P3 = 0x0F;
 312   1        P42 = 0;
 313   1        P44 = 0;
 314   1        S1 = (P3 & 0x0F);
 315   1        if(S1 != 0x0F) //æœ‰é”®è¢«æŒ‰ä¸‹
 316   1        {
 317   2          if(KeyPressKBD < 200) KeyPressKBD++;
 318   2          if(KeyPressKBD < 5)
 319   2          {
 320   3            return 0xFF;
 321   3          }
 322   2          else if(KeyPressKBD == 5)
 323   2          {
 324   3            KeyFreeKBD = 1;
 325   3            IntervalKBD = 55;
 326   3            S1 = (P3 & 0x0F);
 327   3            P3 = 0xF0;
 328   3            P42 = 1;
 329   3            P44 = 1;
 330   3            S2 = (P3 & 0xF0);
 331   3            if(P42) S2 |= 0x40;
 332   3            else S2 &= (~0x40);
 333   3            if(P44) S2 |= 0x80;
 334   3            else S2 &= (~0x80);
 335   3            S1 |= S2;
 336   3      
 337   3            switch(S1)
 338   3            {
 339   4              case 0x77:KeyValueKBD = 4;break;
 340   4              case 0x7B:KeyValueKBD = 5;break;
 341   4              case 0x7D:KeyValueKBD = 6;break;
 342   4              case 0x7E:KeyValueKBD = 7;break;
 343   4              case 0xB7:KeyValueKBD = 8;break;
 344   4              case 0xBB:KeyValueKBD = 9;break;
 345   4              case 0xBD:KeyValueKBD = 10;break;
 346   4              case 0xBE:KeyValueKBD = 11;break;
 347   4              case 0xD7:KeyValueKBD = 12;break;
C51 COMPILER V9.54   ________                                                              08/11/2023 18:32:00 PAGE 7   

 348   4              case 0xDB:KeyValueKBD = 13;break;
 349   4              case 0xDD:KeyValueKBD = 14;break;
 350   4              case 0xDE:KeyValueKBD = 15;break;
 351   4              case 0xE7:KeyValueKBD = 16;break;
 352   4              case 0xEB:KeyValueKBD = 17;break;
 353   4              case 0xED:KeyValueKBD = 18;break;
 354   4              case 0xEE:KeyValueKBD = 19;break;
 355   4              //å¦‚æœéœ€è¦ç»„åˆé”®ï¼Œå¯æ ¹æ®é”®å€¼å¢åŠ æƒ…å†µ
 356   4              default:KeyValueKBD = 0xFF; KeyFreeKBD = 0;IntervalKBD = 0;KeyPressKBD = 0;break;
 357   4            }
 358   3            return KeyValueKBD;
 359   3          }
 360   2          else //å¤„ç†é•¿æŒ‰é”®
 361   2          {
 362   3            if(IntervalKBD)
 363   3            {
 364   4              IntervalKBD--;
 365   4              if(IntervalKBD == 0)
 366   4              {
 367   5                IntervalKBD = 55;
 368   5                return KeyValueKBD+20;
 369   5              }
 370   4            }
 371   3            else IntervalKBD = 55;
 372   3            return 0xFF;
 373   3          }
 374   2        }
 375   1        else //æ— é”®æŒ‰ä¸‹æˆ–å·²é‡Šæ”¾
 376   1        {
 377   2          KeyPressKBD = 0;
 378   2          if(KeyFreeKBD == 1)
 379   2          {
 380   3            KeyFreeKBD = 0;
 381   3            return KeyValueKBD+40;
 382   3          }
 383   2          return 0xFF;
 384   2        }
 385   1      }
*** WARNING C294 IN LINE 76 OF ×¼¿¼Ö¤ºÅ.c: unreachable code
*** WARNING C294 IN LINE 117 OF ×¼¿¼Ö¤ºÅ.c: unreachable code


MODULE INFORMATION:   STATIC OVERLAYABLE
   CODE SIZE        =    980    ----
   CONSTANT SIZE    =     43    ----
   XDATA SIZE       =   ----    ----
   PDATA SIZE       =   ----    ----
   DATA SIZE        =     19       4
   IDATA SIZE       =   ----    ----
   BIT SIZE         =      6    ----
END OF MODULE INFORMATION.


C51 COMPILATION COMPLETE.  2 WARNING(S),  0 ERROR(S)
