C51 COMPILER V9.54   ________                                                              12/07/2023 09:00:32 PAGE 1   


C51 COMPILER V9.54, COMPILATION OF MODULE ________
OBJECT MODULE PLACED IN .\Objects\×¼¿¼Ö¤ºÅ.obj
COMPILER INVOKED BY: D:\keil\C51\BIN\C51.EXE ×¼¿¼Ö¤ºÅ.c OPTIMIZE(8,SPEED) BROWSE DEBUG OBJECTEXTEND PRINT(.\Listings\×¼¿
                    -¼Ö¤ºÅ.lst) OBJECT(.\Objects\×¼¿¼Ö¤ºÅ.obj)

line level    source

   1          #include "stc15f2k60s2.h"
   2          #include "absacc.h"
   3          #include <stdio.h>
   4          #include "iic.h"
   5          #include "onewire.h"
   6          
   7          /////å‡½æ•°å£°æ˜////
   8          void externaldevice_IO(unsigned char beepdata,unsigned char relaydata);//IOæ¨¡å¼ï¼Œæ§åˆ¶å¤–éƒ¨è®¾å¤‡ï¼ˆè
             -œ‚é¸£å™¨ã€ç»§ç”µå™¨ï¼‰
   9          void externaldevice_MM(unsigned char beepdata,unsigned char relaydata);//MMæ¨¡å¼ï¼Œæ§åˆ¶å¤–éƒ¨è®¾å¤‡ï¼ˆè
             -œ‚é¸£å™¨ã€ç»§ç”µå™¨ï¼‰
  10          void delay_ms(unsigned int delaydata);//å»¶æ—¶å‡½æ•°
  11          
  12          void LED_IO(unsigned char LEDdata);      //IOæ¨¡å¼ï¼Œæ§åˆ¶LED
  13          void LED_MM(unsigned char LEDdata);      //MMæ¨¡å¼ï¼Œæ§åˆ¶LED
  14          void timer1_init(void);                  //time1å®šæ—¶è®¡æ•°å™¨é…ç½®ä¸º1msçš„å®šæ—¶ä¸­æ–­
  15          void display_IO(void);                   //æ•°ç ç®¡åŠ¨æ€åˆ·æ–°å‡½æ•°
  16          void display_MM(void);                  //æ•°ç ç®¡åŠ¨æ€åˆ·æ–°å‡½æ•°
  17          unsigned char BTN_KeyBoardScan(void);   //ç‹¬ç«‹æŒ‰é”®æ‰«æç¨‹åºï¼Œæ— æœ‰æ•ˆæŒ‰é”®æŒ‰ä¸‹æ—¶ï¼Œè¿”å›0xFF
             -;æŒ‰é”®æŒ‰ä¸‹ï¼Œè¿”å›å¯¹åº”åºå·ï¼›æŒ‰é”®é•¿æŒ‰æ—¶ï¼Œè¿‡ä¸€æ®µæ—¶é—´ï¼Œè¿”å›å¯¹åº”åºå·+10ï¼›æ¾æ‰‹æ—¶ï¼Œè¿”å›å¯¹åº
             -”åºå·+20ã€‚ï¼ˆ4567ï¼‰
  18          unsigned char KBD_KeyBoardScan(void);   //çŸ©é˜µæŒ‰é”®æ‰«æç¨‹åºï¼Œæ— æœ‰æ•ˆæŒ‰é”®æŒ‰ä¸‹æ—¶ï¼Œè¿”å›0xFF
             -;æŒ‰é”®æŒ‰ä¸‹ï¼Œè¿”å›å¯¹åº”åºå·ï¼›æŒ‰é”®é•¿æŒ‰æ—¶ï¼Œè¿‡ä¸€æ®µæ—¶é—´ï¼Œè¿”å›å¯¹åº”åºå·+20ï¼›æ¾æ‰‹æ—¶ï¼Œè¿”å›å¯¹åº
             -”åºå·+40ã€‚ï¼ˆ4-19ï¼‰
  19          ////å…¨å±€å˜é‡å®šä¹‰//////
  20          unsigned int gTimer_1ms=0;  //å…¨å±€å˜é‡ï¼Œç”¨äºè®¡æ—¶
  21          bit gFlag_10ms;             //å…¨å±€å˜é‡ï¼Œæ¯10msï¼Œè¯¥å˜é‡ç½®1
  22          bit gFlag_50ms;             //å…¨å±€å˜é‡ï¼Œæ¯50msï¼Œè¯¥å˜é‡ç½®1
  23          bit gFlag_100ms;            //å…¨å±€å˜é‡ï¼Œæ¯100msï¼Œè¯¥å˜é‡ç½®1
  24          bit gFlag_200ms;            //å…¨å±€å˜é‡ï¼Œæ¯200msï¼Œè¯¥å˜é‡ç½®1
  25          bit gFlag_250ms;            //å…¨å±€å˜é‡ï¼Œæ¯250msï¼Œè¯¥å˜é‡ç½®1
  26          bit gFlag_1000ms;           //å…¨å±€å˜é‡ï¼Œæ¯1000msï¼Œè¯¥å˜é‡ç½®1
  27          unsigned char dispbuf[8] = {16,16,16,16,16,16,16,16}; //æ˜¾ç¤ºç¼“å†²åŒº
  28          /*************  æœ¬åœ°å¸¸é‡å£°æ˜    **************/
  29          unsigned char code disptab[]={                       //æ ‡å‡†å­—åº“(å…±é˜´)
  30          //   0    1    2    3    4    5    6    7    8    9    A    B    C    D    E    F
  31              0x3F,0x06,0x5B,0x4F,0x66,0x6D,0x7D,0x07,0x7F,0x6F,0x77,0x7C,0x39,0x5E,0x79,0x71,
  32          //black  -     H    J    K    L    N    o   P    U     t    G    Q    r   M    y
  33              0x00,0x40,0x76,0x1E,0x70,0x38,0x37,0x5C,0x73,0x3E,0x78,0x3d,0x67,0x50,0x37,0x6e,
  34             //0.   1.   2.  3.    4.    5.  6.   7.   8.    9.   -1 
  35              0xBF,0x86,0xDB,0xCF,0xE6,0xED,0xFD,0x87,0xFF,0xEF,0x46};
  36          
  37          ////////////DS18B20å˜é‡//////////
  38          /*extern unsigned int Temp_Value;               //å­˜å‚¨æ¸©åº¦å€¼ï¼Œå®é™…æ¸©åº¦çš„100å€
  39          extern unsigned char Temp_Symbol;               //æ¸©åº¦å€¼ç¬¦å·ï¼Œ0æ­£1è´Ÿ
  40          extern float Temp_F;*/
  41          
  42          
  43          ///ä¸»å‡½æ•°//////
  44          void main()
  45          {
  46   1        unsigned char i=0;
  47   1        unsigned char key_value = 0xFF;
  48   1        unsigned char AD1_value_Now = 0;
C51 COMPILER V9.54   ________                                                              12/07/2023 09:00:32 PAGE 2   

  49   1        unsigned char AD3_value_Now = 0;
  50   1      
  51   1        externaldevice_IO(0,0);
  52   1        LED_IO(0XFF);   //ç­ç¯
  53   1        timer1_init();
  54   1      
  55   1        //æ¸©åº¦ä¼ æ„Ÿå™¨
  56   1        while(1)
  57   1        {
  58   2          if(gFlag_200ms)
  59   2          {
  60   3            gFlag_200ms = 0;
  61   3            rd_temperature();
  62   3            if(Temp_Value>=1000)  dispbuf[0] = Temp_Value%10000/1000;
  63   3            else dispbuf[0] = 16;
  64   3            dispbuf[1] = Temp_Value%1000/100 + 32; //æ˜¾ç¤ºå°æ•°ç‚¹
  65   3            dispbuf[2] = Temp_Value%100/10;
  66   3            dispbuf[3] = Temp_Value%10;
  67   3            ADC_PCF8591(0x01);
  68   3            ADC_PCF8591(0x01);
  69   3            AD1_value_Now = ADC_PCF8591(0x01);
  70   3            dispbuf[5] = AD1_value_Now/100;
  71   3            dispbuf[6] = AD1_value_Now%100/10;
  72   3            dispbuf[7] = AD1_value_Now%10;
  73   3      
  74   3          } 
  75   2        }
  76   1      
  77   1        //ADDA
  78   1        while(1)
  79   1        {
  80   2          if(gFlag_200ms)
  81   2          {
  82   3            gFlag_200ms = 0;
  83   3            ADC_PCF8591(0x01);
  84   3            ADC_PCF8591(0x01);
  85   3            AD1_value_Now = ADC_PCF8591(0x01);
  86   3            dispbuf[0] = AD1_value_Now/100;
  87   3            dispbuf[1] = AD1_value_Now%100/10;
  88   3            dispbuf[2] = AD1_value_Now%10;
  89   3            ADC_PCF8591(0x03);
  90   3            ADC_PCF8591(0x03);
  91   3            AD3_value_Now = ADC_PCF8591(0x03);
  92   3            dispbuf[5] = AD3_value_Now/100;
  93   3            dispbuf[6] = AD3_value_Now%100/10;
  94   3            dispbuf[7] = AD3_value_Now%10;
  95   3            DAC_PCF8591(AD3_value_Now);
  96   3          } 
  97   2        }
  98   1      
  99   1      
 100   1      
 101   1      
 102   1      //I2Cä»»åŠ¡
 103   1        EA = 0;
 104   1        i = read_EEPROM(0x00);
 105   1        if(i>=100)  dispbuf[5] = i/100;
 106   1        else dispbuf[5] = 16;
 107   1        if(i >= 10) dispbuf[6] = i%100/10;
 108   1        else dispbuf[6] = 16;
 109   1        dispbuf[7] = i%10;
 110   1        i++;
C51 COMPILER V9.54   ________                                                              12/07/2023 09:00:32 PAGE 3   

 111   1        write_EEPROM(0x00,i);
 112   1        EA = 1;
 113   1        while(1);
 114   1      
 115   1      
 116   1      //ç‹¬ç«‹æŒ‰é”®ä»»åŠ¡
 117   1        while(1)
 118   1        {
 119   2          if(gFlag_10ms)
 120   2          {
 121   3            gFlag_10ms = 0;
 122   3            key_value = KBD_KeyBoardScan();
 123   3          }
 124   2          if(key_value != 0xFF)
 125   2          {
 126   3            dispbuf[0] = key_value/10;
 127   3            dispbuf[1] = key_value%10;
 128   3            switch(key_value)
 129   3            {
 130   4              case 7:i++; break;
 131   4              case 11:i--; break;
 132   4              case 15:i += 2; break;
 133   4              case 19:i -= 2; break;
 134   4              default:break;
 135   4            }
 136   3            key_value = 0xFF;
 137   3            dispbuf[5] = i/100;
 138   3            dispbuf[6] = i%100/10;
 139   3            dispbuf[7] = i%10;
 140   3          }
 141   2        }
 142   1      
 143   1        //å®ç°æ•°ç ç®¡æ˜¾ç¤º12345678
 144   1        dispbuf[0] = 1;
 145   1        dispbuf[1] = 2;
 146   1        dispbuf[2] = 3;
 147   1        dispbuf[3] = 4;
 148   1        dispbuf[4] = 5;
 149   1        dispbuf[5] = 6;
 150   1        dispbuf[6] = 7;
 151   1        dispbuf[7] = 8;
 152   1        //å®ç°LEDç§’é—ªçƒ
 153   1        while(1)
 154   1        {
 155   2          if(gFlag_1000ms)
 156   2          {
 157   3            gFlag_1000ms = 0;
 158   3            LED_IO(i); //LEDå…¨äº®æˆ–å…¨ç­
 159   3            i = ~i;
 160   3          }
 161   2          
 162   2        }
 163   1      }
 164          ////////////////////////////////
 165          void externaldevice_IO(unsigned char beepdata,unsigned char relaydata)//IOæ¨¡å¼ï¼Œæ§åˆ¶å¤–éƒ¨è®¾å¤‡ï¼ˆèœ
             -‚é¸£å™¨ã€ç»§ç”µå™¨ï¼‰
 166          {
 167   1        unsigned char extdev_data=0;
 168   1        if(beepdata) extdev_data|=0X40;
 169   1        if(relaydata) extdev_data|=0X10;
 170   1        EA = 0;//å…³é—­ä¸­æ–­æ€»ä½¿èƒ½
 171   1        P0 = extdev_data;
C51 COMPILER V9.54   ________                                                              12/07/2023 09:00:32 PAGE 4   

 172   1        P2 = (P2 & 0X1F)|0XA0;//0b 101X XXXX ä½¿138è¯‘ç è¾“å…¥CBAä¸º5ï¼ŒY5è¾“å‡ºä½ç”µå¹³ï¼Œ573çš„LEä¸ºé«˜é”å­
             -˜çŠ¶æ€è§£é™¤
 173   1        P0 = extdev_data;
 174   1        P2 &= 0X1F;//0b 000X XXXX //é”å­˜æ•°æ®
 175   1        EA = 1;//æ‰“å¼€ä¸­æ–­æ€»ä½¿èƒ½
 176   1      }
 177          ////////////////////////////////
 178          void externaldevice_MM(unsigned char beepdata,unsigned char relaydata)//MMæ¨¡å¼ï¼Œæ§åˆ¶å¤–éƒ¨è®¾å¤‡ï¼ˆèœ
             -‚é¸£å™¨ã€ç»§ç”µå™¨ï¼‰
 179          {
 180   1        unsigned char extdev_data=0;
 181   1        if(beepdata) extdev_data|=0X40;
 182   1        if(relaydata) extdev_data|=0X10;
 183   1        EA = 0;//å…³é—­ä¸­æ–­æ€»ä½¿èƒ½
 184   1        XBYTE[0XA000] = extdev_data;
 185   1        P2 &= 0X1F;//0b 000X XXXX //é”å­˜æ•°æ®
 186   1        EA = 1;//æ‰“å¼€ä¸­æ–­æ€»ä½¿èƒ½
 187   1      }
 188          ////////////////////////////////
 189          void delay_ms(unsigned int delaydata)//å»¶æ—¶å‡½æ•°
 190          {
 191   1        unsigned int i;
 192   1        while(delaydata--)
 193   1          for(i=640;i>0;i--);
 194   1      }
 195          
 196          /////////////////////////////
 197          void LED_IO(unsigned char LEDdata)//IOæ¨¡å¼ï¼Œæ§åˆ¶LED
 198          {
 199   1        
 200   1        EA = 0;//å…³é—­ä¸­æ–­æ€»ä½¿èƒ½
 201   1        P0 = LEDdata;
 202   1        P2 = (P2 & 0X1F)|0X80;//0b 100X XXXX ä½¿138è¯‘ç è¾“å…¥CBAä¸º5ï¼ŒY5è¾“å‡ºä½ç”µå¹³ï¼Œ573çš„LEä¸ºé«˜é”å­
             -˜çŠ¶æ€è§£é™¤
 203   1        P0 = LEDdata;
 204   1        P2 &= 0X1F;//0b 000X XXXX //é”å­˜æ•°æ®
 205   1        EA = 1;//æ‰“å¼€ä¸­æ–­æ€»ä½¿èƒ½
 206   1      }
 207          
 208          void LED_MM(unsigned char LEDdata)//MMæ¨¡å¼ï¼Œæ§åˆ¶LED
 209          {
 210   1        EA = 0;//å…³é—­ä¸­æ–­æ€»ä½¿èƒ½
 211   1        XBYTE[0X8000] = LEDdata;
 212   1        P2 &= 0X1F;//0b 000X XXXX //é”å­˜æ•°æ®
 213   1        EA = 1;//æ‰“å¼€ä¸­æ–­æ€»ä½¿èƒ½
 214   1      }
 215          
 216          /////////////////////////////
 217          void timer1_init(void)         //time1å®šæ—¶è®¡æ•°å™¨é…ç½®ä¸º1msçš„å®šæ—¶ä¸­æ–­
 218          {
 219   1              AUXR &= 0xBF;           //å®šæ—¶å™¨æ—¶é’Ÿ12Tæ¨¡å¼
 220   1              TMOD &= 0x0F;           //è®¾ç½®å®šæ—¶å™¨æ¨¡å¼
 221   1              TL1 = 0x18;             //è®¾ç½®å®šæ—¶åˆå§‹å€¼
 222   1              TH1 = 0xFC;             //è®¾ç½®å®šæ—¶åˆå§‹å€¼
 223   1              TF1 = 0;                //æ¸…é™¤TF1æ ‡å¿—
 224   1              TR1 = 1;                //å®šæ—¶å™¨1å¼€å§‹è®¡æ—¶
 225   1        ET1 = 1;        //time1ä¸­æ–­åˆ†å…è®¸
 226   1        EA = 1;         //ä¸­æ–­æ€»å…è®¸
 227   1      }
 228          
 229          void tm1_isr() interrupt 3
 230          {
C51 COMPILER V9.54   ________                                                              12/07/2023 09:00:32 PAGE 5   

 231   1        gTimer_1ms++;
 232   1        if(gTimer_1ms == 60000)    gTimer_1ms=0;
 233   1        if(gTimer_1ms%10 == 0)    gFlag_10ms=1;
 234   1        if(gTimer_1ms%50 == 0)    gFlag_50ms=1;
 235   1        if(gTimer_1ms%100 == 0)   gFlag_100ms=1;
 236   1        if(gTimer_1ms%200 == 0)   gFlag_200ms=1;
 237   1        if(gTimer_1ms%250 == 0)   gFlag_250ms=1;
 238   1        if(gTimer_1ms%1000 == 0)  gFlag_1000ms=1;
 239   1        display_IO();
 240   1        for(Temp_Value;Temp_Value>7500;rd_temperature());
 241   1        
 242   1        
 243   1      }
 244          //////////////////////////////////////////////////
 245          void display_IO(void)
 246          {
 247   1        static unsigned char dispcom_IO = 0;
 248   1      
 249   1        P0 = 0xFF; //ä½¿æ®µé€‰å…¨éƒ¨è¾“å‡ºä¸ºé«˜ï¼Œä»è€Œä½¿æ‰€æœ‰æ•°ç ç®¡æ¶ˆéš
 250   1        P2 = (P2 & 0x1F)|0XE0;//0b 111X XXXX ä½¿138è¯‘ç è¾“å…¥CBAä¸º7ï¼ŒY7è¾“å‡ºä½ç”µå¹³ï¼Œæ®µé€‰573çš„LEä¸ºé«
             -˜ï¼Œé”å­˜çŠ¶æ€è§£é™¤
 251   1        P2 &= 0x1F;//0b 000X XXXX //é”å­˜æ•°æ®
 252   1        P0 = 0;
 253   1        //ä½é€‰
 254   1        P2 = (P2 & 0X1F)|0XC0;//0b 110X XXXX ä½¿138è¯‘ç è¾“å…¥CBAä¸º6ï¼ŒY6è¾“å‡ºä½ç”µå¹³ï¼Œä½é€‰573çš„LEä¸ºé«
             -˜ï¼Œé”å­˜çŠ¶æ€è§£é™¤
 255   1        P0 = 1<<dispcom_IO;
 256   1        P2 &= 0X1F;//0b 000X XXXX //é”å­˜æ•°æ®
 257   1        //æ®µé€‰
 258   1        P0 = 0xFF;
 259   1        P2 = (P2 & 0X1F)|0XE0;//0b 111X XXXX ä½¿138è¯‘ç è¾“å…¥CBAä¸º7ï¼ŒY7è¾“å‡ºä½ç”µå¹³ï¼Œæ®µé€‰573çš„LEä¸ºé«
             -˜ï¼Œé”å­˜çŠ¶æ€è§£é™¤
 260   1        P0 = ~disptab[dispbuf[dispcom_IO]];
 261   1        P2 &= 0x1F;//0b 000X XXXX //é”å­˜æ•°æ®
 262   1      
 263   1        dispcom_IO++;
 264   1        if (dispcom_IO >= 8) dispcom_IO = 0;
 265   1      }
 266          void display_MM(void)
 267          {
 268   1        EA = 0;//å…³é—­ä¸­æ–­æ€»ä½¿èƒ½
 269   1        XBYTE[0X8000] = 0;
 270   1        P2 &= 0X1F;//0b 000X XXXX //é”å­˜æ•°æ®
 271   1        EA = 1;//æ‰“å¼€ä¸­æ–­æ€»ä½¿èƒ½
 272   1      }
 273          
 274          /////////////////////////////////
 275          unsigned char BTN_KeyBoardScan(void)   //ç‹¬ç«‹æŒ‰é”®æ‰«æç¨‹åºï¼Œæ— æœ‰æ•ˆæŒ‰é”®æŒ‰ä¸‹æ—¶ï¼Œè¿”å›0xFF;
             -æŒ‰é”®æŒ‰ä¸‹ï¼Œè¿”å›å¯¹åº”åºå·ï¼›æŒ‰é”®é•¿æŒ‰æ—¶ï¼Œæ¯è¿‡ä¸€æ®µæ—¶é—´ï¼Œè¿”å›å¯¹åº”åºå·+10ï¼›æ¾æ‰‹æ—¶ï¼Œè¿”å›å¯¹
             -åº”åºå·+20ã€‚
 276          {
 277   1        static unsigned char KeyPressBTN = 0; //å­˜å‚¨æŒ‰é”®æŒ‰å‹æ—¶é•¿
 278   1        static unsigned char KeyFreeBTN = 0;  //æŒ‰é”®æ¾å¼€æ ‡å¿—
 279   1        static unsigned char KeyValueBTN = 0; //å­˜å‚¨æŒ‰é”®é”®å€¼
 280   1        static unsigned char IntervalBTN = 55; //å­˜å‚¨é•¿æŒ‰é”®æ—¶ï¼Œé”®å€¼è¿”å›çš„æ—¶é—´é—´éš”ï¼Œ550ms
 281   1        unsigned char temp;
 282   1        P3 |= 0x0F;
 283   1        temp = (P3 & 0x0F);
 284   1        if(temp != 0x0F) //æ˜¯å¦æœ‰é”®è¢«æŒ‰ä¸‹
 285   1        {
 286   2          if(KeyPressBTN < 200) KeyPressBTN++;
 287   2          if(KeyPressBTN < 5)
C51 COMPILER V9.54   ________                                                              12/07/2023 09:00:32 PAGE 6   

 288   2          {
 289   3            return 0xFF;
 290   3          }
 291   2          else if(KeyPressBTN == 5)
 292   2          {
 293   3            KeyFreeBTN = 1;
 294   3            IntervalBTN = 55;
 295   3            switch(temp)
 296   3            {
 297   4              case 0x0E:KeyValueBTN = 7;break;
 298   4              case 0x0D:KeyValueBTN = 6;break;
 299   4              case 0x0B:KeyValueBTN = 5;break;
 300   4              case 0x07:KeyValueBTN = 4;break;
 301   4              //å¦‚æœéœ€è¦ç»„åˆé”®ï¼Œå¯æ ¹æ®é”®å€¼å¢åŠ æƒ…å†µ
 302   4              default:KeyValueBTN = 0xFF; KeyFreeBTN = 0;IntervalBTN = 0;KeyPressBTN = 0;break;
 303   4            }
 304   3            return KeyValueBTN;
 305   3          }
 306   2          else //å¤„ç†é•¿æŒ‰é”®
 307   2          {
 308   3            if(IntervalBTN)
 309   3            {
 310   4              IntervalBTN--;
 311   4              if(IntervalBTN == 0)
 312   4              {
 313   5                IntervalBTN = 55;
 314   5                return KeyValueBTN+10;
 315   5              }
 316   4            }
 317   3            else IntervalBTN = 55;
 318   3            return 0xFF;
 319   3          }
 320   2        }
 321   1        else //æ— é”®æŒ‰ä¸‹æˆ–å·²é‡Šæ”¾
 322   1        {
 323   2          KeyPressBTN = 0;
 324   2          if(KeyFreeBTN == 1)
 325   2          {
 326   3            KeyFreeBTN = 0;
 327   3            return KeyValueBTN+20;
 328   3          }
 329   2          return 0xFF;
 330   2        }
 331   1      }
 332          //////////////////////////////////////
 333          unsigned char KBD_KeyBoardScan(void)  //çŸ©é˜µæŒ‰é”®æ‰«æç¨‹åºï¼Œæ— æœ‰æ•ˆæŒ‰é”®æŒ‰ä¸‹æ—¶ï¼Œè¿”å›0xFF;æ
             -Œ‰é”®æŒ‰ä¸‹ï¼Œè¿”å›å¯¹åº”åºå·ï¼›æŒ‰é”®é•¿æŒ‰æ—¶ï¼Œè¿‡ä¸€æ®µæ—¶é—´ï¼Œè¿”å›å¯¹åº”åºå·+20ï¼›æ¾æ‰‹æ—¶ï¼Œè¿”å›å¯¹åº”å
             -ºå·+40ã€‚ï¼ˆ4-19)
 334          {
 335   1        static unsigned char KeyPressKBD = 0; //å­˜å‚¨æŒ‰é”®æŒ‰å‹æ—¶é•¿
 336   1        static unsigned char KeyFreeKBD = 0;  //æŒ‰é”®æ¾å¼€æ ‡å¿—
 337   1        static unsigned char KeyValueKBD = 0; //å­˜å‚¨æŒ‰é”®é”®å€¼
 338   1        static unsigned char IntervalKBD = 55; //å­˜å‚¨é•¿æŒ‰é”®æ—¶ï¼Œé”®å€¼è¿”å›çš„æ—¶é—´é—´éš”ï¼Œ550ms
 339   1        unsigned char S1;
 340   1        unsigned char S2;
 341   1        P3 = 0x0F;
 342   1        P42 = 0;
 343   1        P44 = 0;
 344   1        S1 = (P3 & 0x0F);
 345   1        if(S1 != 0x0F) //æœ‰é”®è¢«æŒ‰ä¸‹
 346   1        {
 347   2          if(KeyPressKBD < 200) KeyPressKBD++;
C51 COMPILER V9.54   ________                                                              12/07/2023 09:00:32 PAGE 7   

 348   2          if(KeyPressKBD < 5)
 349   2          {
 350   3            return 0xFF;
 351   3          }
 352   2          else if(KeyPressKBD == 5)
 353   2          {
 354   3            KeyFreeKBD = 1;
 355   3            IntervalKBD = 55;
 356   3            S1 = (P3 & 0x0F);
 357   3            P3 = 0xF0;
 358   3            P42 = 1;
 359   3            P44 = 1;
 360   3            S2 = (P3 & 0xF0);
 361   3            if(P42) S2 |= 0x40;
 362   3            else S2 &= (~0x40);
 363   3            if(P44) S2 |= 0x80;
 364   3            else S2 &= (~0x80);
 365   3            S1 |= S2;
 366   3      
 367   3            switch(S1)
 368   3            {
 369   4              case 0x77:KeyValueKBD = 4;break;
 370   4              case 0x7B:KeyValueKBD = 5;break;
 371   4              case 0x7D:KeyValueKBD = 6;break;
 372   4              case 0x7E:KeyValueKBD = 7;break;
 373   4              case 0xB7:KeyValueKBD = 8;break;
 374   4              case 0xBB:KeyValueKBD = 9;break;
 375   4              case 0xBD:KeyValueKBD = 10;break;
 376   4              case 0xBE:KeyValueKBD = 11;break;
 377   4              case 0xD7:KeyValueKBD = 12;break;
 378   4              case 0xDB:KeyValueKBD = 13;break;
 379   4              case 0xDD:KeyValueKBD = 14;break;
 380   4              case 0xDE:KeyValueKBD = 15;break;
 381   4              case 0xE7:KeyValueKBD = 16;break;
 382   4              case 0xEB:KeyValueKBD = 17;break;
 383   4              case 0xED:KeyValueKBD = 18;break;
 384   4              case 0xEE:KeyValueKBD = 19;break;
 385   4              //å¦‚æœéœ€è¦ç»„åˆé”®ï¼Œå¯æ ¹æ®é”®å€¼å¢åŠ æƒ…å†µ
 386   4              default:KeyValueKBD = 0xFF; KeyFreeKBD = 0;IntervalKBD = 0;KeyPressKBD = 0;break;
 387   4            }
 388   3            return KeyValueKBD;
 389   3          }
 390   2          else //å¤„ç†é•¿æŒ‰é”®
 391   2          {
 392   3            if(IntervalKBD)
 393   3            {
 394   4              IntervalKBD--;
 395   4              if(IntervalKBD == 0)
 396   4              {
 397   5                IntervalKBD = 55;
 398   5                return KeyValueKBD+20;
 399   5              }
 400   4            }
 401   3            else IntervalKBD = 55;
 402   3            return 0xFF;
 403   3          }
 404   2        }
 405   1        else //æ— é”®æŒ‰ä¸‹æˆ–å·²é‡Šæ”¾
 406   1        {
 407   2          KeyPressKBD = 0;
 408   2          if(KeyFreeKBD == 1)
 409   2          {
C51 COMPILER V9.54   ________                                                              12/07/2023 09:00:32 PAGE 8   

 410   3            KeyFreeKBD = 0;
 411   3            return KeyValueKBD+40;
 412   3          }
 413   2          return 0xFF;
 414   2        }
 415   1      }
*** WARNING C294 IN LINE 103 OF ×¼¿¼Ö¤ºÅ.c: unreachable code
*** WARNING C294 IN LINE 144 OF ×¼¿¼Ö¤ºÅ.c: unreachable code


MODULE INFORMATION:   STATIC OVERLAYABLE
   CODE SIZE        =   1059    ----
   CONSTANT SIZE    =     43    ----
   XDATA SIZE       =   ----    ----
   PDATA SIZE       =   ----    ----
   DATA SIZE        =     19       4
   IDATA SIZE       =   ----    ----
   BIT SIZE         =      6    ----
END OF MODULE INFORMATION.


C51 COMPILATION COMPLETE.  2 WARNING(S),  0 ERROR(S)
