C51 COMPILER V9.54   ________                                                              08/20/2023 16:02:04 PAGE 1   


C51 COMPILER V9.54, COMPILATION OF MODULE ________
OBJECT MODULE PLACED IN .\Objects\׼֤.obj
COMPILER INVOKED BY: D:\keil\C51\BIN\C51.EXE ׼֤.c OPTIMIZE(8,SPEED) BROWSE DEBUG OBJECTEXTEND PRINT(.\Listings\׼
                    -֤.lst) OBJECT(.\Objects\׼֤.obj)

line level    source

   1          #include "stc15f2k60s2.h"
   2          #include "absacc.h"
   3          #include <stdio.h>
   4          
   5          /////函数声明////
   6          void externaldevice_IO(unsigned char beepdata,unsigned char relaydata);//IO模式，控制外部设备（
             -鸣器、继电器）
   7          void externaldevice_MM(unsigned char beepdata,unsigned char relaydata);//MM模式，控制外部设备（
             -鸣器、继电器）
   8          void delay_ms(unsigned int delaydata);//延时函数
   9          
  10          void LED_IO(unsigned char LEDdata); //IO模式，控制LED
  11          void LED_MM(unsigned char LEDdata); //MM模式，控制LED
  12          void timer1_init(void);             //time1定时计数器配置为1ms的定时中断
  13          void display_IO(void);              //数码管动态刷新函数
  14          void display_MM(void);              //数码管动态刷新函数
  15          
  16          ////全局变量定义//////
  17          unsigned int gTimer_1ms=0;  //全局变量，用于计时
  18          bit gFlag_10ms;             //全局变量，每10ms，该变量置1
  19          bit gFlag_50ms;             //全局变量，每50ms，该变量置1
  20          bit gFlag_100ms;            //全局变量，每100ms，该变量置1
  21          bit gFlag_200ms;            //全局变量，每200ms，该变量置1
  22          bit gFlag_250ms;            //全局变量，每250ms，该变量置1
  23          bit gFlag_1000ms;           //全局变量，每1000ms，该变量置1
  24          unsigned char dispbuf[8] = {16,16,16,16,16,16,16,16}; //显示缓冲区
  25          /*************  本地常量声明    **************/
  26          unsigned char code disptab[]={                       //标准字库(共阴)
  27          //   0    1    2    3    4    5    6    7    8    9    A    B    C    D    E    F
  28              0x3F,0x06,0x5B,0x4F,0x66,0x6D,0x7D,0x07,0x7F,0x6F,0x77,0x7C,0x39,0x5E,0x79,0x71,
  29          //black  -     H    J    K    L    N    o   P    U     t    G    Q    r   M    y
  30              0x00,0x40,0x76,0x1E,0x70,0x38,0x37,0x5C,0x73,0x3E,0x78,0x3d,0x67,0x50,0x37,0x6e,
  31             //0.   1.   2.  3.    4.    5.  6.   7.   8.    9.   -1 
  32              0xBF,0x86,0xDB,0xCF,0xE6,0xED,0xFD,0x87,0xFF,0xEF,0x46};
  33          
  34          
  35          
  36          ///主函数//////
  37          void main()
  38          {
  39   1        unsigned char i=0;
  40   1        externaldevice_IO(0,0);
  41   1        LED_IO(0XFF);   //灭灯
  42   1        timer1_init();
  43   1      
  44   1        //实现数码管显示12345678
  45   1        dispbuf[0] = 1;
  46   1        dispbuf[1] = 2;
  47   1        dispbuf[2] = 3;
  48   1        dispbuf[3] = 4;
  49   1        dispbuf[4] = 5;
  50   1        dispbuf[5] = 6;
  51   1        dispbuf[6] = 7;
  52   1        dispbuf[7] = 8;
C51 COMPILER V9.54   ________                                                              08/20/2023 16:02:04 PAGE 2   

  53   1        //实现LED秒闪烁
  54   1        while(1)
  55   1        {
  56   2          if(gFlag_1000ms)
  57   2          {
  58   3            gFlag_1000ms = 0;
  59   3            LED_IO(i); //LED全亮或全灭
  60   3            i = ~i;
  61   3          }
  62   2          
  63   2        }
  64   1      }
  65          ////////////////////////////////
  66          void externaldevice_IO(unsigned char beepdata,unsigned char relaydata)//IO模式，控制外部设备（
             -鸣器、继电器）
  67          {
  68   1        unsigned char extdev_data=0;
  69   1        if(beepdata) extdev_data|=0X40;
  70   1        if(relaydata) extdev_data|=0X10;
  71   1        EA = 0;//关闭中断总使能
  72   1        P0 = extdev_data;
  73   1        P2 = (P2 & 0X1F)|0XA0;//0b 101X XXXX 使138译码输入CBA为5，Y5输出低电平，573的LE为高锁
             -状态解除
  74   1        P0 = extdev_data;
  75   1        P2 &= 0X1F;//0b 000X XXXX //锁存数据
  76   1        EA = 1;//打开中断总使能
  77   1      }
  78          ////////////////////////////////
  79          void externaldevice_MM(unsigned char beepdata,unsigned char relaydata)//MM模式，控制外部设备（
             -鸣器、继电器）
  80          {
  81   1        unsigned char extdev_data=0;
  82   1        if(beepdata) extdev_data|=0X40;
  83   1        if(relaydata) extdev_data|=0X10;
  84   1        EA = 0;//关闭中断总使能
  85   1        XBYTE[0XA000] = extdev_data;
  86   1        P2 &= 0X1F;//0b 000X XXXX //锁存数据
  87   1        EA = 1;//打开中断总使能
  88   1      }
  89          ////////////////////////////////
  90          void delay_ms(unsigned int delaydata)//延时函数
  91          {
  92   1        unsigned int i;
  93   1        while(delaydata--)
  94   1          for(i=640;i>0;i--);
  95   1      }
  96          
  97          /////////////////////////////
  98          void LED_IO(unsigned char LEDdata)//IO模式，控制LED
  99          {
 100   1        
 101   1        EA = 0;//关闭中断总使能
 102   1        P0 = LEDdata;
 103   1        P2 = (P2 & 0X1F)|0X80;//0b 100X XXXX 使138译码输入CBA为5，Y5输出低电平，573的LE为高锁
             -状态解除
 104   1        P0 = LEDdata;
 105   1        P2 &= 0X1F;//0b 000X XXXX //锁存数据
 106   1        EA = 1;//打开中断总使能
 107   1      }
 108          
 109          void LED_MM(unsigned char LEDdata)//MM模式，控制LED
 110          {
C51 COMPILER V9.54   ________                                                              08/20/2023 16:02:04 PAGE 3   

 111   1        EA = 0;//关闭中断总使能
 112   1        XBYTE[0X8000] = LEDdata;
 113   1        P2 &= 0X1F;//0b 000X XXXX //锁存数据
 114   1        EA = 1;//打开中断总使能
 115   1      }
 116          
 117          /////////////////////////////
 118          void timer1_init(void)         //time1定时计数器配置为1ms的定时中断
 119          {
 120   1              AUXR &= 0xBF;           //定时器时钟12T模式
 121   1              TMOD &= 0x0F;           //设置定时器模式
 122   1              TL1 = 0x18;             //设置定时初始值
 123   1              TH1 = 0xFC;             //设置定时初始值
 124   1              TF1 = 0;                //清除TF1标志
 125   1              TR1 = 1;                //定时器1开始计时
 126   1        ET1 = 1;        //time1中断分允许
 127   1        EA = 1;         //中断总允许
 128   1      }
 129          
 130          void tm1_isr() interrupt 3
 131          {
 132   1        gTimer_1ms++;
 133   1        if(gTimer_1ms == 60000)    gTimer_1ms=0;
 134   1        if(gTimer_1ms%10 == 0)    gFlag_10ms=1;
 135   1        if(gTimer_1ms%50 == 0)    gFlag_50ms=1;
 136   1        if(gTimer_1ms%100 == 0)   gFlag_100ms=1;
 137   1        if(gTimer_1ms%200 == 0)   gFlag_200ms=1;
 138   1        if(gTimer_1ms%250 == 0)   gFlag_250ms=1;
 139   1        if(gTimer_1ms%1000 == 0)  gFlag_1000ms=1;
 140   1        display_IO();
 141   1      }
 142          //////////////////////////////////////////////////
 143          void display_IO(void)
 144          {
 145   1        static unsigned char dispcom_IO = 0;
 146   1      
 147   1        P0 = 0xFF; //使段选全部输出为高，从而使所有数码管消隐
 148   1        P2 = (P2 & 0x1F)|0XE0;//0b 111X XXXX 使138译码输入CBA为7，Y7输出低电平，段选573的LE为
             -，锁存状态解除
 149   1        P2 &= 0x1F;//0b 000X XXXX //锁存数据
 150   1        P0 = 0;
 151   1        //位选
 152   1        P2 = (P2 & 0X1F)|0XC0;//0b 110X XXXX 使138译码输入CBA为6，Y6输出低电平，位选573的LE为
             -，锁存状态解除
 153   1        P0 = 1<<dispcom_IO;
 154   1        P2 &= 0X1F;//0b 000X XXXX //锁存数据
 155   1        //段选
 156   1        P0 = 0xFF;
 157   1        P2 = (P2 & 0X1F)|0XE0;//0b 111X XXXX 使138译码输入CBA为7，Y7输出低电平，段选573的LE为
             -，锁存状态解除
 158   1        P0 = ~disptab[dispbuf[dispcom_IO]];
 159   1        P2 &= 0x1F;//0b 000X XXXX //锁存数据
 160   1        dispcom_IO++;
 161   1        if (dispcom_IO >= 8) dispcom_IO = 0;
 162   1      }
 163          void display_MM(void)
 164          {
 165   1        EA = 0;//关闭中断总使能
 166   1        XBYTE[0X8000] = 0;
 167   1        P2 &= 0X1F;//0b 000X XXXX //锁存数据
 168   1        EA = 1;//打开中断总使能
 169   1      }
C51 COMPILER V9.54   ________                                                              08/20/2023 16:02:04 PAGE 4   

 170          


MODULE INFORMATION:   STATIC OVERLAYABLE
   CODE SIZE        =    486    ----
   CONSTANT SIZE    =     43    ----
   XDATA SIZE       =   ----    ----
   PDATA SIZE       =   ----    ----
   DATA SIZE        =     11       1
   IDATA SIZE       =   ----    ----
   BIT SIZE         =      6    ----
END OF MODULE INFORMATION.


C51 COMPILATION COMPLETE.  0 WARNING(S),  0 ERROR(S)
