C51 COMPILER V9.54   ________                                                              12/14/2023 08:41:47 PAGE 1   


C51 COMPILER V9.54, COMPILATION OF MODULE ________
OBJECT MODULE PLACED IN .\Objects\׼֤.obj
COMPILER INVOKED BY: D:\keil\C51\BIN\C51.EXE ׼֤.c OPTIMIZE(8,SPEED) BROWSE DEBUG OBJECTEXTEND PRINT(.\Listings\׼
                    -֤.lst) OBJECT(.\Objects\׼֤.obj)

line level    source

   1          #include "stc15f2k60s2.h"
   2          #include "absacc.h"
   3          #include <stdio.h>
   4          #include "iic.h"
   5          #include "onewire.h"
   6          #include "INTRINS.H"
   7          #include "ds1302.h"
   8          
   9          /////函数声明////
  10          //IO模式，控制外部设备（蜂鸣器、继电器）
  11          void externaldevice_IO(unsigned char beepdata,unsigned char relaydata);
  12          //MM模式，控制外部设备（蜂鸣器、继电器）
  13          void externaldevice_MM(unsigned char beepdata,unsigned char relaydata);
  14          //延时函数
  15          void delay_ms(unsigned int delaydata);
  16          //IO模式，控制LED
  17          void LED_IO(unsigned char LEDdata);      
  18          //MM模式，控制LED
  19          void LED_MM(unsigned char LEDdata);      
  20          //time1定时计数器配置为1ms的定时中断
  21          void timer1_init(void);                  
  22          //数码管动态刷新函数
  23          void display_IO(void);                   
  24          //数码管动态刷新函数
  25          void display_MM(void);                  
  26          //独立按键扫描程序，无有效按键按下时，返回0xFF;按键按下，返回对应序号；按
             -键长按时，过一段时间，返回对应序号+10；松手时，返回对应序号+20。（4567）
  27          unsigned char BTN_KeyBoardScan(void);   
  28          //矩阵按键扫描程序，无有效按键按下时，返回0xFF;按键按下，返回对应序号；按
             -键长按时，过一段时间，返回对应序号+20；松手时，返回对应序号+40。（4-19）
  29          unsigned char KBD_KeyBoardScan(void);   
  30          //串口一初始化函数，使用T2产生波特率 1200bps@12.000MHz
  31          void Uart1_Int_T2(void);
  32          //发射超声波函数
  33          void SendWave(void);
  34          //超声波测距timer0初始化函数
  35          void Timer0Init_UtralSonic();
  36          //超声波测距函数
  37          void ranging(void);
  38          
  39          
  40          
  41          ////全局变量定义//////
  42          unsigned int gTimer_1ms=0;  //全局变量，用于计时
  43          bit gFlag_10ms;             //全局变量，每10ms，该变量置1
  44          bit gFlag_50ms;             //全局变量，每50ms，该变量置1
  45          bit gFlag_100ms;            //全局变量，每100ms，该变量置1
  46          bit gFlag_200ms;            //全局变量，每200ms，该变量置1
  47          bit gFlag_250ms;            //全局变量，每250ms，该变量置1
  48          bit gFlag_1000ms;           //全局变量，每1000ms，该变量置1
  49          unsigned char dispbuf[8] = {16,16,16,16,16,16,16,16}; //显示缓冲区
  50          /*************  本地常量声明    **************/
  51          unsigned char code disptab[]={                       //标准字库(共阴)
  52          //   0    1    2    3    4    5    6    7    8    9    A    B    C    D    E    F  (0-15)
C51 COMPILER V9.54   ________                                                              12/14/2023 08:41:47 PAGE 2   

  53              0x3F,0x06,0x5B,0x4F,0x66,0x6D,0x7D,0x07,0x7F,0x6F,0x77,0x7C,0x39,0x5E,0x79,0x71,
  54          //black  -     H    J    K    L    N    o   P    U     t    G    Q    r   M    y  (16-31)
  55              0x00,0x40,0x76,0x1E,0x70,0x38,0x37,0x5C,0x73,0x3E,0x78,0x3d,0x67,0x50,0x37,0x6e,
  56             //0.   1.   2.  3.    4.    5.  6.   7.   8.    9.   -1                        (32-42)
  57              0xBF,0x86,0xDB,0xCF,0xE6,0xED,0xFD,0x87,0xFF,0xEF,0x46};
  58          
  59          /////////串口变量定义//////////////
  60          #define FOSC 12000000L          //系统频率
  61          #define BAUD 1200               //串口波特率
  62          bit PC_CMD_Flag = 0; //PC机发送命令标志位，0没收到PC机发来的有效命令
  63          unsigned char code Uart_CMD1_Data[] = {'A','A','A','S','S','S'};
  64          unsigned char code Uart_CMD2_Data[] = {'S','S','S','A','A','A'};
  65          unsigned char Uart_Rev_Data[20]; //接收到的数据存储在此数组中
  66          unsigned char Uart_Rev_Num = 0; //接收到的数据的个数
  67          unsigned char Uart_Rev_DelayTimees = 0; //判断PC机发来的数据是否已经接收完成
  68          
  69          
  70          ////////超声波测距全局变量//////////
  71          sbit ulTX = P1^0;       //超声波发射管脚
  72          sbit ulRX = P1^1;       //超声波接收管脚
  73          #define somenop {_nop_();_nop_();_nop_();_nop_();_nop_();_nop_();_nop_();_nop_();_nop_();_nop_();_nop_();_
             -nop_();_nop_();_nop_();_nop_();};
  74          unsigned int distence;  //距离，单位为cm。超过999则没有收到回波
  75          
  76          ////////////DS18B20变量//////////
  77          /*extern unsigned int Temp_Value;               //存储温度值，实际温度的100倍
  78          extern unsigned char Temp_Symbol;               //温度值符号，0正1负
  79          extern float Temp_F;*/
  80          
  81          //////超声波ds1302全局变量////////
  82          /*  unsigned char SetRTC_Data[7];
  83              unsigned char ReadRTC_Data[7];*/
  84          
  85          
  86          ///主函数//////
  87          void main()
  88          {
  89   1        unsigned char i=0;
  90   1        unsigned char key_value = 0xFF;
  91   1        unsigned char AD1_value_Now = 0;
  92   1        unsigned char AD3_value_Now = 0;
  93   1        unsigned char interface;
  94   1      
  95   1        externaldevice_IO(0,0);
  96   1        LED_IO(0XFF);   //灭灯
  97   1        timer1_init();
  98   1      
  99   1        SetRTC();
 100   1        while(1)
 101   1        {
 102   2          if(gFlag_200ms)
 103   2          {
 104   3            gFlag_200ms = 0;
 105   3            ReadRTC();
 106   3          }
 107   2          if(gFlag_10ms)
 108   2          {
 109   3            gFlag_10ms = 0;
 110   3            key_value = KBD_KeyBoardScan();
 111   3            if(key_value == 12)
 112   3            {
 113   4              switch(interface)
C51 COMPILER V9.54   ________                                                              12/14/2023 08:41:47 PAGE 3   

 114   4              {
 115   5                case 0:interface = 1;break;
 116   5                case 1:interface = 2;break;
 117   5                case 2:interface = 0;break;
 118   5                default:break;
 119   5              }
 120   4            }
 121   3          }
 122   2           if(interface == 0)
 123   2          {
 124   3              dispbuf[0] = ReadRTC_Data[4]>>4;
 125   3              dispbuf[1] = ReadRTC_Data[4]&0x0F;
 126   3              if((ReadRTC_Data[6]&0x0F)%2 == 0)
 127   3              {
 128   4                dispbuf[2] = 17;
 129   4              }
 130   3              else dispbuf[2] = 16;
 131   3              dispbuf[3] = ReadRTC_Data[5]>>4;
 132   3              dispbuf[4] = ReadRTC_Data[5]&0x0F;
 133   3              if((ReadRTC_Data[6]&0x0F)%2 == 0)
 134   3              {
 135   4                dispbuf[5] = 17;
 136   4              }
 137   3              else dispbuf[5] = 16;
 138   3              dispbuf[6] = ReadRTC_Data[6]>>4;
 139   3              dispbuf[7] = ReadRTC_Data[6]&0x0F;
 140   3          }
 141   2          else if(interface == 1)
 142   2          {
 143   3              dispbuf[0] = 5;
 144   3              dispbuf[1] = 17;
 145   3              dispbuf[2] = 17;
 146   3              dispbuf[3] = 17;
 147   3              dispbuf[4] = 17;
 148   3              dispbuf[5] = 17;
 149   3              dispbuf[6] = 17;
 150   3              dispbuf[7] = ReadRTC_Data[3]&0x0F;
 151   3          }
 152   2          else if(interface == 2)
 153   2          {
 154   3              dispbuf[0] = 2;
 155   3              dispbuf[1] = 0;
 156   3              dispbuf[2] = ReadRTC_Data[0]>>4;
 157   3              dispbuf[3] = ReadRTC_Data[0]&0x0F;
 158   3              dispbuf[4] = ReadRTC_Data[1]>>4;
 159   3              dispbuf[5] = ReadRTC_Data[1]&0x0F;
 160   3              dispbuf[6] = ReadRTC_Data[2]>>4;
 161   3              dispbuf[7] = ReadRTC_Data[2]&0x0F;
 162   3          }
 163   2        }
 164   1      
 165   1        //温度传感器
 166   1        while(1)
 167   1        {
 168   2          if(gFlag_200ms)
 169   2          {
 170   3            gFlag_200ms = 0;
 171   3            ranging();
 172   3            if(distence == 999)
 173   3            {
 174   4              dispbuf[5] = 16;
 175   4              dispbuf[6] = 16;
C51 COMPILER V9.54   ________                                                              12/14/2023 08:41:47 PAGE 4   

 176   4              dispbuf[7] = 16;
 177   4            }
 178   3            else
 179   3            {
 180   4            if(distence>=100) dispbuf[5] = distence/100;
 181   4            else dispbuf[5] = 16;
 182   4            if(distence>=10)  dispbuf[6] = distence%100/10;
 183   4            else dispbuf[6] = 16;
 184   4            dispbuf[7] = distence%10;
 185   4            }
 186   3            rd_temperature();
 187   3            if(Temp_Value>=1000)  dispbuf[0] = Temp_Value%10000/1000;
 188   3            else dispbuf[0] = 16;
 189   3            dispbuf[1] = Temp_Value%1000/100 + 32; //显示小数点
 190   3            dispbuf[2] = Temp_Value%100/10;
 191   3            dispbuf[3] = Temp_Value%10;
 192   3            
 193   3      
 194   3          } 
 195   2        }
 196   1      
 197   1        //ADDA
 198   1        while(1)
 199   1        {
 200   2          if(gFlag_200ms)
 201   2          {
 202   3            gFlag_200ms = 0;
 203   3            ADC_PCF8591(0x01);
 204   3            ADC_PCF8591(0x01);
 205   3            AD1_value_Now = ADC_PCF8591(0x01);
 206   3            dispbuf[0] = AD1_value_Now/100;
 207   3            dispbuf[1] = AD1_value_Now%100/10;
 208   3            dispbuf[2] = AD1_value_Now%10;
 209   3            ADC_PCF8591(0x03);
 210   3            ADC_PCF8591(0x03);
 211   3            AD3_value_Now = ADC_PCF8591(0x03);
 212   3            dispbuf[5] = AD3_value_Now/100;
 213   3            dispbuf[6] = AD3_value_Now%100/10;
 214   3            dispbuf[7] = AD3_value_Now%10;
 215   3            DAC_PCF8591(AD3_value_Now);
 216   3          } 
 217   2        }
 218   1      
 219   1      
 220   1      
 221   1      
 222   1      //I2C任务
 223   1        EA = 0;
 224   1        i = read_EEPROM(0x00);
 225   1        if(i>=100)  dispbuf[5] = i/100;
 226   1        else dispbuf[5] = 16;
 227   1        if(i >= 10) dispbuf[6] = i%100/10;
 228   1        else dispbuf[6] = 16;
 229   1        dispbuf[7] = i%10;
 230   1        i++;
 231   1        write_EEPROM(0x00,i);
 232   1        EA = 1;
 233   1        while(1);
 234   1      
 235   1      
 236   1      //独立按键任务
 237   1        while(1)
C51 COMPILER V9.54   ________                                                              12/14/2023 08:41:47 PAGE 5   

 238   1        {
 239   2          if(gFlag_10ms)
 240   2          {
 241   3            gFlag_10ms = 0;
 242   3            key_value = KBD_KeyBoardScan();
 243   3          }
 244   2          if(key_value != 0xFF)
 245   2          {
 246   3            dispbuf[0] = key_value/10;
 247   3            dispbuf[1] = key_value%10;
 248   3            switch(key_value)
 249   3            {
 250   4              case 7:i++; break;
 251   4              case 11:i--; break;
 252   4              case 15:i += 2; break;
 253   4              case 19:i -= 2; break;
 254   4              default:break;
 255   4            }
 256   3            key_value = 0xFF;
 257   3            dispbuf[5] = i/100;
 258   3            dispbuf[6] = i%100/10;
 259   3            dispbuf[7] = i%10;
 260   3          }
 261   2        }
 262   1      
 263   1        //实现数码管显示12345678
 264   1        dispbuf[0] = 1;
 265   1        dispbuf[1] = 2;
 266   1        dispbuf[2] = 3;
 267   1        dispbuf[3] = 4;
 268   1        dispbuf[4] = 5;
 269   1        dispbuf[5] = 6;
 270   1        dispbuf[6] = 7;
 271   1        dispbuf[7] = 8;
 272   1        //实现LED秒闪烁
 273   1        while(1)
 274   1        {
 275   2          if(gFlag_1000ms)
 276   2          {
 277   3            gFlag_1000ms = 0;
 278   3            LED_IO(i); //LED全亮或全灭
 279   3            i = ~i;
 280   3          }
 281   2          
 282   2        }
 283   1      }
 284          ////////////////////////////////
 285          void externaldevice_IO(unsigned char beepdata,unsigned char relaydata)//IO模式，控制外部设备（
             -鸣器、继电器）
 286          {
 287   1        unsigned char extdev_data=0;
 288   1        if(beepdata) extdev_data|=0X40;
 289   1        if(relaydata) extdev_data|=0X10;
 290   1        EA = 0;//关闭中断总使能
 291   1        P0 = extdev_data;
 292   1        P2 = (P2 & 0X1F)|0XA0;//0b 101X XXXX 使138译码输入CBA为5，Y5输出低电平，573的LE为高锁
             -状态解除
 293   1        P0 = extdev_data;
 294   1        P2 &= 0X1F;//0b 000X XXXX //锁存数据
 295   1        EA = 1;//打开中断总使能
 296   1      }
 297          ////////////////////////////////
C51 COMPILER V9.54   ________                                                              12/14/2023 08:41:47 PAGE 6   

 298          void externaldevice_MM(unsigned char beepdata,unsigned char relaydata)//MM模式，控制外部设备（
             -鸣器、继电器）
 299          {
 300   1        unsigned char extdev_data=0;
 301   1        if(beepdata) extdev_data|=0X40;
 302   1        if(relaydata) extdev_data|=0X10;
 303   1        EA = 0;//关闭中断总使能
 304   1        XBYTE[0XA000] = extdev_data;
 305   1        P2 &= 0X1F;//0b 000X XXXX //锁存数据
 306   1        EA = 1;//打开中断总使能
 307   1      }
 308          ////////////////////////////////
 309          void delay_ms(unsigned int delaydata)//延时函数
 310          {
 311   1        unsigned int i;
 312   1        while(delaydata--)
 313   1          for(i=640;i>0;i--);
 314   1      }
 315          
 316          /////////////////////////////
 317          void LED_IO(unsigned char LEDdata)//IO模式，控制LED
 318          {
 319   1        
 320   1        EA = 0;//关闭中断总使能
 321   1        P0 = LEDdata;
 322   1        P2 = (P2 & 0X1F)|0X80;//0b 100X XXXX 使138译码输入CBA为5，Y5输出低电平，573的LE为高锁
             -状态解除
 323   1        P0 = LEDdata;
 324   1        P2 &= 0X1F;//0b 000X XXXX //锁存数据
 325   1        EA = 1;//打开中断总使能
 326   1      }
 327          
 328          void LED_MM(unsigned char LEDdata)//MM模式，控制LED
 329          {
 330   1        EA = 0;//关闭中断总使能
 331   1        XBYTE[0X8000] = LEDdata;
 332   1        P2 &= 0X1F;//0b 000X XXXX //锁存数据
 333   1        EA = 1;//打开中断总使能
 334   1      }
 335          
 336          /////////////////////////////
 337          void timer1_init(void)         //time1定时计数器配置为1ms的定时中断
 338          {
 339   1              AUXR &= 0xBF;           //定时器时钟12T模式
 340   1              TMOD &= 0x0F;           //设置定时器模式
 341   1              TL1 = 0x18;             //设置定时初始值
 342   1              TH1 = 0xFC;             //设置定时初始值
 343   1              TF1 = 0;                //清除TF1标志
 344   1              TR1 = 1;                //定时器1开始计时
 345   1        ET1 = 1;        //time1中断分允许
 346   1        EA = 1;         //中断总允许
 347   1      }
 348          
 349          void tm1_isr() interrupt 3
 350          {
 351   1        gTimer_1ms++;
 352   1        if(gTimer_1ms == 60000)    gTimer_1ms=0;
 353   1        if(gTimer_1ms%10 == 0)    gFlag_10ms=1;
 354   1        if(gTimer_1ms%50 == 0)    gFlag_50ms=1;
 355   1        if(gTimer_1ms%100 == 0)   gFlag_100ms=1;
 356   1        if(gTimer_1ms%200 == 0)   gFlag_200ms=1;
 357   1        if(gTimer_1ms%250 == 0)   gFlag_250ms=1;
C51 COMPILER V9.54   ________                                                              12/14/2023 08:41:47 PAGE 7   

 358   1        if(gTimer_1ms%1000 == 0)  gFlag_1000ms=1;
 359   1        display_IO();
 360   1        for(Temp_Value;Temp_Value>7500;rd_temperature());
 361   1        Uart1_Int_T2();
 362   1      }
 363          //////////////////////////////////////////////////
 364          void display_IO(void)
 365          {
 366   1        static unsigned char dispcom_IO = 0;
 367   1      
 368   1        P0 = 0xFF; //使段选全部输出为高，从而使所有数码管消隐
 369   1        P2 = (P2 & 0x1F)|0XE0;//0b 111X XXXX 使138译码输入CBA为7，Y7输出低电平，段选573的LE为
             -，锁存状态解除
 370   1        P2 &= 0x1F;//0b 000X XXXX //锁存数据
 371   1        P0 = 0;
 372   1        //位选
 373   1        P2 = (P2 & 0X1F)|0XC0;//0b 110X XXXX 使138译码输入CBA为6，Y6输出低电平，位选573的LE为
             -，锁存状态解除
 374   1        P0 = 1<<dispcom_IO;
 375   1        P2 &= 0X1F;//0b 000X XXXX //锁存数据
 376   1        //段选
 377   1        P0 = 0xFF;
 378   1        P2 = (P2 & 0X1F)|0XE0;//0b 111X XXXX 使138译码输入CBA为7，Y7输出低电平，段选573的LE为
             -，锁存状态解除
 379   1        P0 = ~disptab[dispbuf[dispcom_IO]];
 380   1        P2 &= 0x1F;//0b 000X XXXX //锁存数据
 381   1      
 382   1        dispcom_IO++;
 383   1        if (dispcom_IO >= 8) dispcom_IO = 0;
 384   1      }
 385          void display_MM(void)
 386          {
 387   1        EA = 0;//关闭中断总使能
 388   1        XBYTE[0X8000] = 0;
 389   1        P2 &= 0X1F;//0b 000X XXXX //锁存数据
 390   1        EA = 1;//打开中断总使能
 391   1      }
 392          
 393          /////////////////////////////////
 394          unsigned char BTN_KeyBoardScan(void)   //独立按键扫描程序，无有效按键按下时，返回0xFF;
             -按键按下，返回对应序号；按键长按时，每过一段时间，返回对应序号+10；松手时，返回对
             -应序号+20。
 395          {
 396   1        static unsigned char KeyPressBTN = 0; //存储按键按压时长
 397   1        static unsigned char KeyFreeBTN = 0;  //按键松开标志
 398   1        static unsigned char KeyValueBTN = 0; //存储按键键值
 399   1        static unsigned char IntervalBTN = 55; //存储长按键时，键值返回的时间间隔，550ms
 400   1        unsigned char temp;
 401   1        P3 |= 0x0F;
 402   1        temp = (P3 & 0x0F);
 403   1        if(temp != 0x0F) //是否有键被按下
 404   1        {
 405   2          if(KeyPressBTN < 200) KeyPressBTN++;
 406   2          if(KeyPressBTN < 5)
 407   2          {
 408   3            return 0xFF;
 409   3          }
 410   2          else if(KeyPressBTN == 5)
 411   2          {
 412   3            KeyFreeBTN = 1;
 413   3            IntervalBTN = 55;
 414   3            switch(temp)
C51 COMPILER V9.54   ________                                                              12/14/2023 08:41:47 PAGE 8   

 415   3            {
 416   4              case 0x0E:KeyValueBTN = 7;break;
 417   4              case 0x0D:KeyValueBTN = 6;break;
 418   4              case 0x0B:KeyValueBTN = 5;break;
 419   4              case 0x07:KeyValueBTN = 4;break;
 420   4              //如果需要组合键，可根据键值增加情况
 421   4              default:KeyValueBTN = 0xFF; KeyFreeBTN = 0;IntervalBTN = 0;KeyPressBTN = 0;break;
 422   4            }
 423   3            return KeyValueBTN;
 424   3          }
 425   2          else //处理长按键
 426   2          {
 427   3            if(IntervalBTN)
 428   3            {
 429   4              IntervalBTN--;
 430   4              if(IntervalBTN == 0)
 431   4              {
 432   5                IntervalBTN = 55;
 433   5                return KeyValueBTN+10;
 434   5              }
 435   4            }
 436   3            else IntervalBTN = 55;
 437   3            return 0xFF;
 438   3          }
 439   2        }
 440   1        else //无键按下或已释放
 441   1        {
 442   2          KeyPressBTN = 0;
 443   2          if(KeyFreeBTN == 1)
 444   2          {
 445   3            KeyFreeBTN = 0;
 446   3            return KeyValueBTN+20;
 447   3          }
 448   2          return 0xFF;
 449   2        }
 450   1      }
 451          //////////////////////////////////////
 452          unsigned char KBD_KeyBoardScan(void)  //矩阵按键扫描程序，无有效按键按下时，返回0xFF;
             -键按下，返回对应序号；按键长按时，过一段时间，返回对应序号+20；松手时，返回对应
             -号+40。（4-19)
 453          {
 454   1        static unsigned char KeyPressKBD = 0; //存储按键按压时长
 455   1        static unsigned char KeyFreeKBD = 0;  //按键松开标志
 456   1        static unsigned char KeyValueKBD = 0; //存储按键键值
 457   1        static unsigned char IntervalKBD = 55; //存储长按键时，键值返回的时间间隔，550ms
 458   1        unsigned char S1;
 459   1        unsigned char S2;
 460   1        P3 = 0x0F;
 461   1        P42 = 0;
 462   1        P44 = 0;
 463   1        S1 = (P3 & 0x0F);
 464   1        if(S1 != 0x0F) //有键被按下
 465   1        {
 466   2          if(KeyPressKBD < 200) KeyPressKBD++;
 467   2          if(KeyPressKBD < 5)
 468   2          {
 469   3            return 0xFF;
 470   3          }
 471   2          else if(KeyPressKBD == 5)
 472   2          {
 473   3            KeyFreeKBD = 1;
 474   3            IntervalKBD = 55;
C51 COMPILER V9.54   ________                                                              12/14/2023 08:41:47 PAGE 9   

 475   3            S1 = (P3 & 0x0F);
 476   3            P3 = 0xF0;
 477   3            P42 = 1;
 478   3            P44 = 1;
 479   3            S2 = (P3 & 0xF0);
 480   3            if(P42) S2 |= 0x40;
 481   3            else S2 &= (~0x40);
 482   3            if(P44) S2 |= 0x80;
 483   3            else S2 &= (~0x80);
 484   3            S1 |= S2;
 485   3      
 486   3            switch(S1)
 487   3            {
 488   4              case 0x77:KeyValueKBD = 4;break;
 489   4              case 0x7B:KeyValueKBD = 5;break;
 490   4              case 0x7D:KeyValueKBD = 6;break;
 491   4              case 0x7E:KeyValueKBD = 7;break;
 492   4              case 0xB7:KeyValueKBD = 8;break;
 493   4              case 0xBB:KeyValueKBD = 9;break;
 494   4              case 0xBD:KeyValueKBD = 10;break;
 495   4              case 0xBE:KeyValueKBD = 11;break;
 496   4              case 0xD7:KeyValueKBD = 12;break;
 497   4              case 0xDB:KeyValueKBD = 13;break;
 498   4              case 0xDD:KeyValueKBD = 14;break;
 499   4              case 0xDE:KeyValueKBD = 15;break;
 500   4              case 0xE7:KeyValueKBD = 16;break;
 501   4              case 0xEB:KeyValueKBD = 17;break;
 502   4              case 0xED:KeyValueKBD = 18;break;
 503   4              case 0xEE:KeyValueKBD = 19;break;
 504   4              //如果需要组合键，可根据键值增加情况
 505   4              default:KeyValueKBD = 0xFF; KeyFreeKBD = 0;IntervalKBD = 0;KeyPressKBD = 0;break;
 506   4            }
 507   3            return KeyValueKBD;
 508   3          }
 509   2          else //处理长按键
 510   2          {
 511   3            if(IntervalKBD)
 512   3            {
 513   4              IntervalKBD--;
 514   4              if(IntervalKBD == 0)
 515   4              {
 516   5                IntervalKBD = 55;
 517   5                return KeyValueKBD+20;
 518   5              }
 519   4            }
 520   3            else IntervalKBD = 55;
 521   3            return 0xFF;
 522   3          }
 523   2        }
 524   1        else //无键按下或已释放
 525   1        {
 526   2          KeyPressKBD = 0;
 527   2          if(KeyFreeKBD == 1)
 528   2          {
 529   3            KeyFreeKBD = 0;
 530   3            return KeyValueKBD+40;
 531   3          }
 532   2          return 0xFF;
 533   2        }
 534   1      }
 535          
 536          /////////////////////////
C51 COMPILER V9.54   ________                                                              12/14/2023 08:41:47 PAGE 10  

 537          
 538          void Uart1_Int_T2(void)
 539          {
 540   1              SCON = 0x50;            //8位数据,可变波特率
 541   1              AUXR |= 0x01;           //串口1选择定时器2为波特率发生器
 542   1              AUXR |= 0x04;           //定时器时钟1T模式
 543   1              T2L = (65536 - (FOSC/4/BAUD));   //设置波特率重装值
 544   1        T2H = (65536 - (FOSC/4/BAUD))>>8;
 545   1              AUXR |= 0x10;           //定时器2开始计时
 546   1        ES = 1;                     //使能串口1中断
 547   1        EA = 1;
 548   1      }
 549          /////////////////////////
 550          /*----------------------------
 551          UART 中断服务程序
 552          -----------------------------*/
 553          void Uart(void) interrupt 4
 554          {
 555   1        unsigned char i;
 556   1          if (RI)
 557   1          {
 558   2              RI = 0;                 //清除RI位
 559   2              Uart_Rev_Data[Uart_Rev_Num] = SBUF;               //存储接收到的数据
 560   2              SBUF = Uart_Rev_Data[Uart_Rev_Num];                //用于调试
 561   2              Uart_Rev_Num++;
 562   2              if(Uart_Rev_Num>19)
 563   2              {
 564   3                for(i=0;i<20;i++)
 565   3                {
 566   4                  Uart_Rev_Data[i] = 0;
 567   4                }
 568   3                Uart_Rev_Num = 0;
 569   3                Uart_Rev_DelayTimees = 0;
 570   3              }
 571   2              else Uart_Rev_DelayTimees = 5;
 572   2      
 573   2      
 574   2          }
 575   1      }
 576          ///////////////
 577          void SendWave(void)
 578          {
 579   1        unsigned char i;
 580   1        for(i = 0;i<8;i++)
 581   1        ulTX = 0;
 582   1        somenop;somenop;somenop;somenop;somenop;
 583   1        somenop;somenop;somenop;somenop;somenop;somenop;
 584   1        ulTX = 1;
 585   1        somenop;somenop;somenop;somenop;somenop;
 586   1        somenop;somenop;somenop;somenop;somenop;somenop;
 587   1      }
 588          ////////////////
 589          void Timer0Init_UtralSonic()
 590          {
 591   1              AUXR &= 0x7F;                   //定时器时钟12T模式,进入T0计数器的脉冲，周期1us
 592   1              TMOD &= 0xF0;                   //设置定时器模式
 593   1              TL0 = 0;                                //设置定时初始值
 594   1              TH0 = 0;                                //设置定时初始值
 595   1              TF0 = 0;                                //清除TF0标志
 596   1              TR0 = 1;                                //定时器0开始计时
 597   1      }
 598          ///////////
C51 COMPILER V9.54   ________                                                              12/14/2023 08:41:47 PAGE 11  

 599          void ranging(void)
 600          {
 601   1        unsigned int time;
 602   1        SendWave();
 603   1        Timer0Init_UtralSonic();
 604   1        while ((ulRX == 1) && (TH0 < 51));//65.535/5us*34cm/s/2=理论最大测量长度 200余cm  
 605   1        TR0 = 0;
 606   1        if(TH0>=51)//没有收到回波
 607   1        {
 608   2          distence = 999;
 609   2        }
 610   1        else
 611   1        {
 612   2          time = TH0*256+TL0;//us
 613   2          distence = (unsigned int)(time*0.017);//cm
 614   2        }
 615   1      }
 616          
 617          
 618          
*** WARNING C294 IN LINE 223 OF ׼֤.c: unreachable code
*** WARNING C294 IN LINE 264 OF ׼֤.c: unreachable code


MODULE INFORMATION:   STATIC OVERLAYABLE
   CODE SIZE        =   1618    ----
   CONSTANT SIZE    =     55    ----
   XDATA SIZE       =   ----    ----
   PDATA SIZE       =   ----    ----
   DATA SIZE        =     43       5
   IDATA SIZE       =   ----    ----
   BIT SIZE         =      7    ----
END OF MODULE INFORMATION.


C51 COMPILATION COMPLETE.  2 WARNING(S),  0 ERROR(S)
