C51 COMPILER V9.54   IIC                                                                   03/15/2025 20:26:48 PAGE 1   


C51 COMPILER V9.54, COMPILATION OF MODULE IIC
OBJECT MODULE PLACED IN .\Objects\iic.obj
COMPILER INVOKED BY: D:\keil\KeilC51\C51\BIN\C51.EXE iic.c LARGE OPTIMIZE(8,SPEED) BROWSE INCDIR(..\Template) DEBUG OBJE
                    -CTEXTEND PRINT(.\Listings\iic.lst) OBJECT(.\Objects\iic.obj)

line level    source

   1          /*      #   I2Cä»£ç ç‰‡æ®µè¯´æ˜
   2                  1.      æœ¬æ–‡ä»¶å¤¹ä¸­æä¾›çš„é©±åŠ¨ä»£ç ä¾›å‚èµ›é€‰æ‰‹å®Œæˆç¨‹åºè®¾è®¡å‚è€ƒã€‚
   3                  2.      å‚èµ›é€‰æ‰‹å¯ä»¥è‡ªè¡Œç¼–å†™ç›¸å…³ä»£ç æˆ–ä»¥è¯¥ä»£ç ä¸ºåŸºç¡€ï¼Œæ ¹æ®æ‰€é€‰å•ç‰‡æœºç±»å‹ã€è¿
             -è¡Œé€Ÿåº¦å’Œè¯•é¢˜
   4                          ä¸­å¯¹å•ç‰‡æœºæ—¶é’Ÿé¢‘ç‡çš„è¦æ±‚ï¼Œè¿›è¡Œä»£ç è°ƒè¯•å’Œä¿®æ”¹ã€‚
   5          */
   6          /******ä»¥ä¸‹å†…å®¹è‡ªå·±è¡¥å……********/
   7          #include "stc15f2k60s2.h"
   8          #include "intrins.h"
   9          #include "iic.h"
  10          
  11          sbit sda=P2^1;
  12          sbit scl=P2^0;
  13          
  14          //EEPROMä»æœºåœ°å€
  15          #define EEPROM_AddrW 0xA0
  16          #define EEPROM_AddrR 0xA1
  17          #define PCF_AddrW 0x90
  18          #define PCF_AddrR 0x91
  19          
  20          
  21          /***************************/
  22          
  23          #define DELAY_TIME      5
  24          
  25          //
  26          static void I2C_Delay(unsigned char n)
  27          {
  28   1          do
  29   1          {
  30   2              _nop_();_nop_();_nop_();_nop_();_nop_();
  31   2              _nop_();_nop_();_nop_();_nop_();_nop_();
  32   2              _nop_();_nop_();_nop_();_nop_();_nop_();                
  33   2          }
  34   1          while(n--);         
  35   1      }
  36          
  37          //
  38          void I2CStart(void)
  39          {
  40   1          sda = 1;
  41   1          scl = 1;
  42   1              I2C_Delay(DELAY_TIME);
  43   1          sda = 0;
  44   1              I2C_Delay(DELAY_TIME);
  45   1          scl = 0;    
  46   1      }
  47          
  48          //
  49          void I2CStop(void)
  50          {
  51   1          sda = 0;
  52   1          scl = 1;
  53   1              I2C_Delay(DELAY_TIME);
C51 COMPILER V9.54   IIC                                                                   03/15/2025 20:26:48 PAGE 2   

  54   1          sda = 1;
  55   1              I2C_Delay(DELAY_TIME);
  56   1      }
  57          
  58          //
  59          void I2CSendByte(unsigned char byt)
  60          {
  61   1          unsigned char i;
  62   1              
  63   1          for(i=0; i<8; i++){
  64   2              scl = 0;
  65   2                      I2C_Delay(DELAY_TIME);
  66   2              if(byt & 0x80){
  67   3                  sda = 1;
  68   3              }
  69   2              else{
  70   3                  sda = 0;
  71   3              }
  72   2                      I2C_Delay(DELAY_TIME);
  73   2              scl = 1;
  74   2              byt <<= 1;
  75   2                      I2C_Delay(DELAY_TIME);
  76   2          }
  77   1              
  78   1          scl = 0;  
  79   1      }
  80          
  81          //
  82          unsigned char I2CReceiveByte(void)
  83          {
  84   1              unsigned char da;
  85   1              unsigned char i;
  86   1              for(i=0;i<8;i++){   
  87   2                      scl = 1;
  88   2                      I2C_Delay(DELAY_TIME);
  89   2                      da <<= 1;
  90   2                      if(sda) 
  91   2                              da |= 0x01;
  92   2                      scl = 0;
  93   2                      I2C_Delay(DELAY_TIME);
  94   2              }
  95   1              return da;    
  96   1      }
  97          
  98          //
  99          unsigned char I2CWaitAck(void)
 100          {
 101   1              unsigned char ackbit;
 102   1              
 103   1          scl = 1;
 104   1              I2C_Delay(DELAY_TIME);
 105   1          ackbit = sda; 
 106   1          scl = 0;
 107   1              I2C_Delay(DELAY_TIME);
 108   1              
 109   1              return ackbit;
 110   1      }
 111          
 112          //
 113          void I2CSendAck(unsigned char ackbit)
 114          {
 115   1          scl = 0;
C51 COMPILER V9.54   IIC                                                                   03/15/2025 20:26:48 PAGE 3   

 116   1          sda = ackbit; 
 117   1              I2C_Delay(DELAY_TIME);
 118   1          scl = 1;
 119   1              I2C_Delay(DELAY_TIME);
 120   1          scl = 0; 
 121   1              sda = 1;
 122   1              I2C_Delay(DELAY_TIME);
 123   1      }
 124          
 125          /******ä»¥ä¸‹å†…å®¹è‡ªå·±è¡¥å……********/
 126          /*
 127                  IICé€šä¿¡æ—¶åºï¼š
 128                  å†™æ•°æ®
 129                          èµ·å§‹->å†™æ§åˆ¶å­—->ç­‰å¾…åº”ç­”->
 130                          å‘é€åœ°å€->ç­‰å¾…åº”ç­”->å†™æ•°æ®->
 131                          ç­‰å¾…åº”ç­”->åœæ­¢
 132                  æ”¶æ•°æ®
 133                          èµ·å§‹->ä¼ªå†™æ§åˆ¶å­—->ç­‰å¾…åº”ç­”->
 134                          å‘é€åœ°å€->ç­‰å¾…åº”ç­”->èµ·å§‹->
 135                          è¯»æ§åˆ¶å­—->ç­‰å¾…åº”ç­”->æ¥æ”¶æ•°æ®->
 136                          å‘é€åº”ç­”->åœæ­¢
 137          */ 
 138          void EEPROM_W(unsigned char add,unsigned char SendData)
 139          {
 140   1              I2CStart();
 141   1              I2CSendByte(EEPROM_AddrW);
 142   1              I2CWaitAck();
 143   1              I2CSendByte(add);
 144   1              I2CWaitAck();
 145   1              I2CSendByte(SendData);
 146   1              I2CWaitAck();
 147   1              I2CStop();
 148   1      }
 149          
 150          unsigned char EEPROM_R(unsigned char add)
 151          {
 152   1              unsigned char Temp_eeprom;
 153   1              I2CStart();
 154   1              I2CSendByte(EEPROM_AddrW);
 155   1              I2CWaitAck();
 156   1              I2CSendByte(add);
 157   1              I2CWaitAck();
 158   1              I2CStart();
 159   1              I2CSendByte(EEPROM_AddrR);
 160   1              I2CWaitAck();
 161   1              Temp_eeprom = I2CReceiveByte();
 162   1              I2CSendAck(1);  //æ³¨æ„æœ‰å‘é€åº”ç­”å€¼ 1 ï¼ï¼
 163   1              I2CStop();
 164   1              return Temp_eeprom;
 165   1      }
 166          
 167          void PCF8591_DAC(unsigned char SendData)
 168          {
 169   1              I2CStart();
 170   1              I2CSendByte(PCF_AddrW);
 171   1              I2CWaitAck();
 172   1              I2CSendByte(0x40); //DACåœ°å€
 173   1              I2CWaitAck();
 174   1              I2CSendByte(SendData);
 175   1              I2CWaitAck();
 176   1              I2CStop();
 177   1      }
C51 COMPILER V9.54   IIC                                                                   03/15/2025 20:26:48 PAGE 4   

 178          
 179          unsigned char PCF8591_ADC(unsigned char channel)
 180          {
 181   1              unsigned char Temp_ADC;
 182   1              I2CStart();
 183   1              I2CSendByte(PCF_AddrW);
 184   1              I2CWaitAck();
 185   1              I2CSendByte(channel);
 186   1              I2CWaitAck();
 187   1              I2CStart();
 188   1              I2CSendByte(PCF_AddrR);
 189   1              I2CWaitAck();
 190   1              Temp_ADC = I2CReceiveByte();
 191   1              I2CSendAck(1);  //æ³¨æ„æœ‰å‘é€åº”ç­”å€¼ 1 ï¼ï¼
 192   1              I2CStop();
 193   1              return Temp_ADC;
 194   1      }
 195          
 196          /***************************/


MODULE INFORMATION:   STATIC OVERLAYABLE
   CODE SIZE        =    283    ----
   CONSTANT SIZE    =   ----    ----
   XDATA SIZE       =   ----    ----
   PDATA SIZE       =   ----    ----
   DATA SIZE        =   ----    ----
   IDATA SIZE       =   ----    ----
   BIT SIZE         =   ----    ----
END OF MODULE INFORMATION.


C51 COMPILATION COMPLETE.  0 WARNING(S),  0 ERROR(S)
